Filename precios_2017-06-05.csv.gz present
Filename precios_2017-06-05.csv.gz: MD5 verified.
Filename precios_2018-03-10.csv.gz present
Filename precios_2018-03-10.csv.gz: MD5 verified.
Filename productos_2016-08-10.csv.gz present
Filename productos_2016-08-10.csv.gz: MD5 verified.
Filename precios_2017-07-08.csv.gz present
Filename precios_2017-07-08.csv.gz: MD5 verified.
Filename productos_2016-07-01.csv.gz present
Filename productos_2016-07-01.csv.gz: MD5 verified.
Filename productos_2018-02-04.csv.gz present
Filename productos_2018-02-04.csv.gz: MD5 verified.
Filename precios_2017-08-17.csv.gz present
Filename precios_2017-08-17.csv.gz: MD5 verified.
Filename productos_2017-07-10.csv.gz present
Filename productos_2017-07-10.csv.gz: MD5 verified.
Filename precios_2017-08-25.csv.gz present
Filename precios_2017-08-25.csv.gz: MD5 verified.
Filename productos_2017-02-19.csv.gz present
Filename productos_2017-02-19.csv.gz: MD5 verified.
Filename sucursales_2017-05-10.csv.gz present
Filename sucursales_2017-05-10.csv.gz: MD5 verified.
Filename productos_2017-11-28.csv.gz present
Filename productos_2017-11-28.csv.gz: MD5 verified.
Filename sucursales_2017-01-17.csv.gz present
Filename sucursales_2017-01-17.csv.gz: MD5 verified.
Filename sucursales_2017-03-26.csv.gz present
Filename sucursales_2017-03-26.csv.gz: MD5 verified.
Filename sucursales_2016-09-14.csv.gz present
Filename sucursales_2016-09-14.csv.gz: MD5 verified.
Filename sucursales_2016-08-04.csv.gz present
Filename sucursales_2016-08-04.csv.gz: MD5 verified.
Filename productos_2018-02-02.csv.gz present
Filename productos_2018-02-02.csv.gz: MD5 verified.
Filename productos_2016-08-16.csv.gz present
Filename productos_2016-08-16.csv.gz: MD5 verified.
Filename productos_2016-10-15.csv.gz present
Filename productos_2016-10-15.csv.gz: MD5 verified.
Filename productos_2016-07-15.csv.gz present
Filename productos_2016-07-15.csv.gz: MD5 verified.
Filename sucursales_2018-03-09.csv.gz present
Filename sucursales_2018-03-09.csv.gz: MD5 verified.
Filename productos_2016-12-18.csv.gz present
Filename productos_2016-12-18.csv.gz: MD5 verified.
Filename productos_2017-08-03.csv.gz present
Filename productos_2017-08-03.csv.gz: MD5 verified.
Filename productos_2016-07-21.csv.gz present
Filename productos_2016-07-21.csv.gz: MD5 verified.
Filename productos_2016-11-22.csv.gz present
Filename productos_2016-11-22.csv.gz: MD5 verified.
Filename sucursales_2018-01-17.csv.gz present
Filename sucursales_2018-01-17.csv.gz: MD5 verified.
Filename precios_2016-05-11.csv.gz present
Filename precios_2016-05-11.csv.gz: MD5 verified.
Filename productos_2016-09-22.csv.gz present
Filename productos_2016-09-22.csv.gz: MD5 verified.
Filename sucursales_2016-10-14.csv.gz present
Filename sucursales_2016-10-14.csv.gz: MD5 verified.
Filename sucursales_2016-08-27.csv.gz present
Filename sucursales_2016-08-27.csv.gz: MD5 verified.
Filename precios_2017-05-21.csv.gz present
Filename precios_2017-05-21.csv.gz: MD5 verified.
Filename productos_2017-07-08.csv.gz present
Filename productos_2017-07-08.csv.gz: MD5 verified.
Filename productos_2017-01-23.csv.gz present
Filename productos_2017-01-23.csv.gz: MD5 verified.
Filename precios_2017-05-04.csv.gz present
Filename precios_2017-05-04.csv.gz: MD5 verified.
Filename precios_2017-02-19.csv.gz present
Filename precios_2017-02-19.csv.gz: MD5 verified.
Filename productos_2016-07-26.csv.gz present
Filename productos_2016-07-26.csv.gz: MD5 verified.
Filename precios_2016-11-05.csv.gz present
Filename precios_2016-11-05.csv.gz: MD5 verified.
Filename precios_2017-10-04.csv.gz present
Filename precios_2017-10-04.csv.gz: MD5 verified.
Filename sucursales_2016-07-11.csv.gz present
Filename sucursales_2016-07-11.csv.gz: MD5 verified.
Filename productos_2017-10-29.csv.gz present
Filename productos_2017-10-29.csv.gz: MD5 verified.
Filename precios_2017-10-23.csv.gz present
Filename precios_2017-10-23.csv.gz: MD5 verified.
Filename sucursales_2016-05-25.csv.gz present
Filename sucursales_2016-05-25.csv.gz: MD5 verified.
Filename productos_2018-01-12.csv.gz present
Filename productos_2018-01-12.csv.gz: MD5 verified.
Filename productos_2017-05-07.csv.gz present
Filename productos_2017-05-07.csv.gz: MD5 verified.
Filename sucursales_2016-08-14.csv.gz present
Filename sucursales_2016-08-14.csv.gz: MD5 verified.
Filename precios_2017-01-24.csv.gz present
Filename precios_2017-01-24.csv.gz: MD5 verified.
Filename sucursales_2016-05-18.csv.gz present
Filename sucursales_2016-05-18.csv.gz: MD5 verified.
Filename sucursales_2017-12-31.csv.gz present
Filename sucursales_2017-12-31.csv.gz: MD5 verified.
Filename productos_2016-11-05.csv.gz present
Filename productos_2016-11-05.csv.gz: MD5 verified.
Filename precios_2018-02-12.csv.gz present
Filename precios_2018-02-12.csv.gz: MD5 verified.
Filename sucursales_2017-03-12.csv.gz present
Filename sucursales_2017-03-12.csv.gz: MD5 verified.
Filename precios_2016-05-10.csv.gz present
Filename precios_2016-05-10.csv.gz: MD5 verified.
Filename precios_2017-07-06.csv.gz present
Filename precios_2017-07-06.csv.gz: MD5 verified.
Filename sucursales_2017-05-08.csv.gz present
Filename sucursales_2017-05-08.csv.gz: MD5 verified.
Filename sucursales_2017-02-06.csv.gz present
Filename sucursales_2017-02-06.csv.gz: MD5 verified.
Filename sucursales_2018-02-23.csv.gz present
Filename sucursales_2018-02-23.csv.gz: MD5 verified.
Filename sucursales_2017-05-29.csv.gz present
Filename sucursales_2017-05-29.csv.gz: MD5 verified.
Filename productos_2017-03-21.csv.gz present
Filename productos_2017-03-21.csv.gz: MD5 verified.
Filename precios_2017-10-18.csv.gz present
Filename precios_2017-10-18.csv.gz: MD5 verified.
Filename sucursales_2017-11-30.csv.gz present
Filename sucursales_2017-11-30.csv.gz: MD5 verified.
Filename precios_2017-07-31.csv.gz present
Filename precios_2017-07-31.csv.gz: MD5 verified.
Filename sucursales_2016-06-01.csv.gz present
Filename sucursales_2016-06-01.csv.gz: MD5 verified.
Filename precios_2017-06-22.csv.gz present
Filename precios_2017-06-22.csv.gz: MD5 verified.
Filename productos_2017-10-17.csv.gz present
Filename productos_2017-10-17.csv.gz: MD5 verified.
Filename precios_2017-05-26.csv.gz present
Filename precios_2017-05-26.csv.gz: MD5 verified.
Filename sucursales_2017-12-09.csv.gz present
Filename sucursales_2017-12-09.csv.gz: MD5 verified.
Filename precios_2016-08-28.csv.gz present
Filename precios_2016-08-28.csv.gz: MD5 verified.
Filename sucursales_2017-11-27.csv.gz present
Filename sucursales_2017-11-27.csv.gz: MD5 verified.
Filename precios_2016-08-22.csv.gz present
Filename precios_2016-08-22.csv.gz: MD5 verified.
Filename sucursales_2017-01-31.csv.gz present
Filename sucursales_2017-01-31.csv.gz: MD5 verified.
Filename productos_2016-08-03.csv.gz present
Filename productos_2016-08-03.csv.gz: MD5 verified.
Filename sucursales_2016-09-12.csv.gz present
Filename sucursales_2016-09-12.csv.gz: MD5 verified.
Filename sucursales_2017-04-05.csv.gz present
Filename sucursales_2017-04-05.csv.gz: MD5 verified.
Filename precios_2017-06-06.csv.gz present
Filename precios_2017-06-06.csv.gz: MD5 verified.
Filename sucursales_2016-06-07.csv.gz present
Filename sucursales_2016-06-07.csv.gz: MD5 verified.
Filename sucursales_2016-10-09.csv.gz present
Filename sucursales_2016-10-09.csv.gz: MD5 verified.
Filename precios_2017-08-09.csv.gz present
Filename precios_2017-08-09.csv.gz: MD5 verified.
Filename productos_2017-11-12.csv.gz present
Filename productos_2017-11-12.csv.gz: MD5 verified.
Filename sucursales_2016-10-13.csv.gz present
Filename sucursales_2016-10-13.csv.gz: MD5 verified.
Filename precios_2017-08-27.csv.gz present
Filename precios_2017-08-27.csv.gz: MD5 verified.
Filename sucursales_2016-05-14.csv.gz present
Filename sucursales_2016-05-14.csv.gz: MD5 verified.
Filename precios_2017-08-21.csv.gz present
Filename precios_2017-08-21.csv.gz: MD5 verified.
Filename precios_2016-11-08.csv.gz present
Filename precios_2016-11-08.csv.gz: MD5 verified.
Filename productos_2017-03-15.csv.gz present
Filename productos_2017-03-15.csv.gz: MD5 verified.
Filename sucursales_2016-05-11.csv.gz present
Filename sucursales_2016-05-11.csv.gz: MD5 verified.
Filename precios_2016-06-12.csv.gz present
Filename precios_2016-06-12.csv.gz: MD5 verified.
Filename productos_2016-11-04.csv.gz present
Filename productos_2016-11-04.csv.gz: MD5 verified.
Filename productos_2017-03-14.csv.gz present
Filename productos_2017-03-14.csv.gz: MD5 verified.
Filename sucursales_2018-02-14.csv.gz present
Filename sucursales_2018-02-14.csv.gz: MD5 verified.
Filename sucursales_2017-02-27.csv.gz present
Filename sucursales_2017-02-27.csv.gz: MD5 verified.
Filename precios_2017-11-18.csv.gz present
Filename precios_2017-11-18.csv.gz: MD5 verified.
Filename sucursales_2017-04-30.csv.gz present
Filename sucursales_2017-04-30.csv.gz: MD5 verified.
Filename sucursales_2017-10-24.csv.gz present
Filename sucursales_2017-10-24.csv.gz: MD5 verified.
Filename productos_2016-09-02.csv.gz present
Filename productos_2016-09-02.csv.gz: MD5 verified.
Filename sucursales_2017-07-19.csv.gz present
Filename sucursales_2017-07-19.csv.gz: MD5 verified.
Filename precios_2016-08-27.csv.gz present
Filename precios_2016-08-27.csv.gz: MD5 verified.
Filename precios_2017-10-25.csv.gz present
Filename precios_2017-10-25.csv.gz: MD5 verified.
Filename precios_2017-09-15.csv.gz present
Filename precios_2017-09-15.csv.gz: MD5 verified.
Filename productos_2017-04-26.csv.gz present
Filename productos_2017-04-26.csv.gz: MD5 verified.
Filename precios_2017-05-20.csv.gz present
Filename precios_2017-05-20.csv.gz: MD5 verified.
Filename sucursales_2016-10-03.csv.gz present
Filename sucursales_2016-10-03.csv.gz: MD5 verified.
Filename sucursales_2016-06-24.csv.gz present
Filename sucursales_2016-06-24.csv.gz: MD5 verified.
Filename sucursales_2017-03-05.csv.gz present
Filename sucursales_2017-03-05.csv.gz: MD5 verified.
Filename sucursales_2016-05-10.csv.gz present
Filename sucursales_2016-05-10.csv.gz: MD5 verified.
Filename productos_2017-04-30.csv.gz present
Filename productos_2017-04-30.csv.gz: MD5 verified.
Filename precios_2017-06-03.csv.gz present
Filename precios_2017-06-03.csv.gz: MD5 verified.
Filename productos_2016-08-24.csv.gz present
Filename productos_2016-08-24.csv.gz: MD5 verified.
Filename sucursales_2016-07-08.csv.gz present
Filename sucursales_2016-07-08.csv.gz: MD5 verified.
Filename precios_2016-07-16.csv.gz present
Filename precios_2016-07-16.csv.gz: MD5 verified.
Filename precios_2017-09-03.csv.gz present
Filename precios_2017-09-03.csv.gz: MD5 verified.
Filename precios_2017-05-30.csv.gz present
Filename precios_2017-05-30.csv.gz: MD5 verified.
Filename sucursales_2017-08-14.csv.gz present
Filename sucursales_2017-08-14.csv.gz: MD5 verified.
Filename precios_2018-01-24.csv.gz present
Filename precios_2018-01-24.csv.gz: MD5 verified.
Filename precios_2018-02-18.csv.gz present
Filename precios_2018-02-18.csv.gz: MD5 verified.
Filename productos_2016-09-08.csv.gz present
Filename productos_2016-09-08.csv.gz: MD5 verified.
Filename productos_2016-10-04.csv.gz present
Filename productos_2016-10-04.csv.gz: MD5 verified.
Filename productos_2017-11-30.csv.gz present
Filename productos_2017-11-30.csv.gz: MD5 verified.
Filename precios_2017-04-16.csv.gz present
Filename precios_2017-04-16.csv.gz: MD5 verified.
Filename precios_2017-01-11.csv.gz present
Filename precios_2017-01-11.csv.gz: MD5 verified.
Filename precios_2016-10-06.csv.gz present
Filename precios_2016-10-06.csv.gz: MD5 verified.
Filename sucursales_2016-11-05.csv.gz present
Filename sucursales_2016-11-05.csv.gz: MD5 verified.
Filename productos_2017-07-14.csv.gz present
Filename productos_2017-07-14.csv.gz: MD5 verified.
Filename productos_2017-12-20.csv.gz present
Filename productos_2017-12-20.csv.gz: MD5 verified.
Filename sucursales_2016-07-21.csv.gz present
Filename sucursales_2016-07-21.csv.gz: MD5 verified.
Filename productos_2016-12-26.csv.gz present
Filename productos_2016-12-26.csv.gz: MD5 verified.
Filename precios_2017-05-06.csv.gz present
Filename precios_2017-05-06.csv.gz: MD5 verified.
Filename sucursales_2017-09-09.csv.gz present
Filename sucursales_2017-09-09.csv.gz: MD5 verified.
Filename sucursales_2017-08-27.csv.gz present
Filename sucursales_2017-08-27.csv.gz: MD5 verified.
Filename sucursales_2017-11-07.csv.gz present
Filename sucursales_2017-11-07.csv.gz: MD5 verified.
Filename productos_2017-11-07.csv.gz present
Filename productos_2017-11-07.csv.gz: MD5 verified.
Filename precios_2017-10-02.csv.gz present
Filename precios_2017-10-02.csv.gz: MD5 verified.
Filename productos_2017-09-02.csv.gz present
Filename productos_2017-09-02.csv.gz: MD5 verified.
Filename precios_2017-04-29.csv.gz present
Filename precios_2017-04-29.csv.gz: MD5 verified.
Filename precios_2017-01-23.csv.gz present
Filename precios_2017-01-23.csv.gz: MD5 verified.
Filename precios_2016-05-16.csv.gz present
Filename precios_2016-05-16.csv.gz: MD5 verified.
Filename precios_2017-10-14.csv.gz present
Filename precios_2017-10-14.csv.gz: MD5 verified.
Filename sucursales_2017-03-29.csv.gz present
Filename sucursales_2017-03-29.csv.gz: MD5 verified.
Filename sucursales_2016-10-18.csv.gz present
Filename sucursales_2016-10-18.csv.gz: MD5 verified.
Filename productos_2016-08-07.csv.gz present
Filename productos_2016-08-07.csv.gz: MD5 verified.
Filename productos_2016-06-07.csv.gz present
Filename productos_2016-06-07.csv.gz: MD5 verified.
Filename productos_2017-03-30.csv.gz present
Filename productos_2017-03-30.csv.gz: MD5 verified.
Filename productos_2016-07-31.csv.gz present
Filename productos_2016-07-31.csv.gz: MD5 verified.
Filename precios_2018-02-17.csv.gz present
Filename precios_2018-02-17.csv.gz: MD5 verified.
Filename precios_2018-02-15.csv.gz present
Filename precios_2018-02-15.csv.gz: MD5 verified.
Filename precios_2016-08-26.csv.gz present
Filename precios_2016-08-26.csv.gz: MD5 verified.
Filename sucursales_2017-06-23.csv.gz present
Filename sucursales_2017-06-23.csv.gz: MD5 verified.
Filename sucursales_2018-03-06.csv.gz present
Filename sucursales_2018-03-06.csv.gz: MD5 verified.
Filename precios_2017-07-30.csv.gz present
Filename precios_2017-07-30.csv.gz: MD5 verified.
Filename sucursales_2016-08-17.csv.gz present
Filename sucursales_2016-08-17.csv.gz: MD5 verified.
Filename sucursales_2016-08-29.csv.gz present
Filename sucursales_2016-08-29.csv.gz: MD5 verified.
Filename sucursales_2016-09-16.csv.gz present
Filename sucursales_2016-09-16.csv.gz: MD5 verified.
Filename sucursales_2016-05-26.csv.gz present
Filename sucursales_2016-05-26.csv.gz: MD5 verified.
Filename productos_2016-07-14.csv.gz present
Filename productos_2016-07-14.csv.gz: MD5 verified.
Filename sucursales_2017-01-23.csv.gz present
Filename sucursales_2017-01-23.csv.gz: MD5 verified.
Filename sucursales_2016-05-29.csv.gz present
Filename sucursales_2016-05-29.csv.gz: MD5 verified.
Filename productos_2017-02-09.csv.gz present
Filename productos_2017-02-09.csv.gz: MD5 verified.
Filename sucursales_2018-02-12.csv.gz present
Filename sucursales_2018-02-12.csv.gz: MD5 verified.
Filename sucursales_2018-03-10.csv.gz present
Filename sucursales_2018-03-10.csv.gz: MD5 verified.
Filename productos_2016-09-17.csv.gz present
Filename productos_2016-09-17.csv.gz: MD5 verified.
Filename precios_2016-05-18.csv.gz present
Filename precios_2016-05-18.csv.gz: MD5 verified.
Filename precios_2016-12-05.csv.gz present
Filename precios_2016-12-05.csv.gz: MD5 verified.
Filename precios_2017-05-19.csv.gz present
Filename precios_2017-05-19.csv.gz: MD5 verified.
Filename precios_2018-03-05.csv.gz present
Filename precios_2018-03-05.csv.gz: MD5 verified.
Filename precios_2016-09-15.csv.gz present
Filename precios_2016-09-15.csv.gz: MD5 verified.
Filename sucursales_2017-01-28.csv.gz present
Filename sucursales_2017-01-28.csv.gz: MD5 verified.
Filename sucursales_2018-02-01.csv.gz present
Filename sucursales_2018-02-01.csv.gz: MD5 verified.
Filename sucursales_2017-07-17.csv.gz present
Filename sucursales_2017-07-17.csv.gz: MD5 verified.
Filename sucursales_2018-01-31.csv.gz present
Filename sucursales_2018-01-31.csv.gz: MD5 verified.
Filename precios_2016-09-01.csv.gz present
Filename precios_2016-09-01.csv.gz: MD5 verified.
Filename sucursales_2016-12-12.csv.gz present
Filename sucursales_2016-12-12.csv.gz: MD5 verified.
Filename sucursales_2017-04-06.csv.gz present
Filename sucursales_2017-04-06.csv.gz: MD5 verified.
Filename productos_2016-05-31.csv.gz present
Filename productos_2016-05-31.csv.gz: MD5 verified.
Filename productos_2017-06-07.csv.gz present
Filename productos_2017-06-07.csv.gz: MD5 verified.
Filename productos_2018-02-11.csv.gz present
Filename productos_2018-02-11.csv.gz: MD5 verified.
Filename sucursales_2017-10-30.csv.gz present
Filename sucursales_2017-10-30.csv.gz: MD5 verified.
Filename precios_2016-09-29.csv.gz present
Filename precios_2016-09-29.csv.gz: MD5 verified.
Filename productos_2016-08-18.csv.gz present
Filename productos_2016-08-18.csv.gz: MD5 verified.
Filename sucursales_2017-07-07.csv.gz present
Filename sucursales_2017-07-07.csv.gz: MD5 verified.
Filename sucursales_2016-07-31.csv.gz present
Filename sucursales_2016-07-31.csv.gz: MD5 verified.
Filename precios_2017-02-04.csv.gz present
Filename precios_2017-02-04.csv.gz: MD5 verified.
Filename productos_2016-05-15.csv.gz present
Filename productos_2016-05-15.csv.gz: MD5 verified.
Filename precios_2017-03-24.csv.gz present
Filename precios_2017-03-24.csv.gz: MD5 verified.
Filename precios_2016-05-22.csv.gz present
Filename precios_2016-05-22.csv.gz: MD5 verified.
Filename productos_2017-01-10.csv.gz present
Filename productos_2017-01-10.csv.gz: MD5 verified.
Filename productos_2016-08-04.csv.gz present
Filename productos_2016-08-04.csv.gz: MD5 verified.
Filename precios_2017-10-06.csv.gz present
Filename precios_2017-10-06.csv.gz: MD5 verified.
Filename productos_2016-07-11.csv.gz present
Filename productos_2016-07-11.csv.gz: MD5 verified.
Filename productos_2016-06-16.csv.gz present
Filename productos_2016-06-16.csv.gz: MD5 verified.
Filename precios_2016-10-02.csv.gz present
Filename precios_2016-10-02.csv.gz: MD5 verified.
Filename productos_2017-06-11.csv.gz present
Filename productos_2017-06-11.csv.gz: MD5 verified.
Filename precios_2016-07-05.csv.gz present
Filename precios_2016-07-05.csv.gz: MD5 verified.
Filename productos_2017-03-08.csv.gz present
Filename productos_2017-03-08.csv.gz: MD5 verified.
Filename sucursales_2016-09-03.csv.gz present
Filename sucursales_2016-09-03.csv.gz: MD5 verified.
Filename precios_2016-12-22.csv.gz present
Filename precios_2016-12-22.csv.gz: MD5 verified.
Filename precios_2018-02-16.csv.gz present
Filename precios_2018-02-16.csv.gz: MD5 verified.
Filename precios_2018-03-11.csv.gz present
Filename precios_2018-03-11.csv.gz: MD5 verified.
Filename sucursales_2016-09-06.csv.gz present
Filename sucursales_2016-09-06.csv.gz: MD5 verified.
Filename precios_2017-01-14.csv.gz present
Filename precios_2017-01-14.csv.gz: MD5 verified.
Filename productos_2016-08-15.csv.gz present
Filename productos_2016-08-15.csv.gz: MD5 verified.
Filename productos_2017-08-27.csv.gz present
Filename productos_2017-08-27.csv.gz: MD5 verified.
Filename sucursales_2016-05-24.csv.gz present
Filename sucursales_2016-05-24.csv.gz: MD5 verified.
Filename sucursales_2017-12-13.csv.gz present
Filename sucursales_2017-12-13.csv.gz: MD5 verified.
Filename precios_2016-11-25.csv.gz present
Filename precios_2016-11-25.csv.gz: MD5 verified.
Filename precios_2017-12-28.csv.gz present
Filename precios_2017-12-28.csv.gz: MD5 verified.
Filename sucursales_2016-11-20.csv.gz present
Filename sucursales_2016-11-20.csv.gz: MD5 verified.
Filename precios_2016-08-14.csv.gz present
Filename precios_2016-08-14.csv.gz: MD5 verified.
Filename precios_2017-10-30.csv.gz present
Filename precios_2017-10-30.csv.gz: MD5 verified.
Filename productos_2016-08-28.csv.gz present
Filename productos_2016-08-28.csv.gz: MD5 verified.
Filename sucursales_2017-05-01.csv.gz present
Filename sucursales_2017-05-01.csv.gz: MD5 verified.
Filename productos_2018-02-27.csv.gz present
Filename productos_2018-02-27.csv.gz: MD5 verified.
Filename productos_2016-10-10.csv.gz present
Filename productos_2016-10-10.csv.gz: MD5 verified.
Filename productos_2017-12-05.csv.gz present
Filename productos_2017-12-05.csv.gz: MD5 verified.
Filename sucursales_2018-03-05.csv.gz present
Filename sucursales_2018-03-05.csv.gz: MD5 verified.
Filename precios_2016-06-30.csv.gz present
Filename precios_2016-06-30.csv.gz: MD5 verified.
Filename sucursales_2016-07-27.csv.gz present
Filename sucursales_2016-07-27.csv.gz: MD5 verified.
Filename productos_2017-05-15.csv.gz present
Filename productos_2017-05-15.csv.gz: MD5 verified.
Filename productos_2017-05-27.csv.gz present
Filename productos_2017-05-27.csv.gz: MD5 verified.
Filename productos_2016-10-19.csv.gz present
Filename productos_2016-10-19.csv.gz: MD5 verified.
Filename productos_2017-01-25.csv.gz present
Filename productos_2017-01-25.csv.gz: MD5 verified.
Filename productos_2017-09-21.csv.gz present
Filename productos_2017-09-21.csv.gz: MD5 verified.
Filename precios_2016-10-25.csv.gz present
Filename precios_2016-10-25.csv.gz: MD5 verified.
Filename sucursales_2016-12-18.csv.gz present
Filename sucursales_2016-12-18.csv.gz: MD5 verified.
Filename precios_2016-06-07.csv.gz present
Filename precios_2016-06-07.csv.gz: MD5 verified.
Filename sucursales_2016-07-17.csv.gz present
Filename sucursales_2016-07-17.csv.gz: MD5 verified.
Filename precios_2016-08-24.csv.gz present
Filename precios_2016-08-24.csv.gz: MD5 verified.
Filename sucursales_2018-01-24.csv.gz present
Filename sucursales_2018-01-24.csv.gz: MD5 verified.
Filename productos_2016-09-15.csv.gz present
Filename productos_2016-09-15.csv.gz: MD5 verified.
Filename precios_2018-03-06.csv.gz present
Filename precios_2018-03-06.csv.gz: MD5 verified.
Filename sucursales_2018-02-06.csv.gz present
Filename sucursales_2018-02-06.csv.gz: MD5 verified.
Filename sucursales_2017-09-15.csv.gz present
Filename sucursales_2017-09-15.csv.gz: MD5 verified.
Filename precios_2016-07-11.csv.gz present
Filename precios_2016-07-11.csv.gz: MD5 verified.
Filename productos_2017-03-27.csv.gz present
Filename productos_2017-03-27.csv.gz: MD5 verified.
Filename precios_2018-01-06.csv.gz present
Filename precios_2018-01-06.csv.gz: MD5 verified.
Filename productos_2018-03-10.csv.gz present
Filename productos_2018-03-10.csv.gz: MD5 verified.
Filename productos_2017-03-05.csv.gz present
Filename productos_2017-03-05.csv.gz: MD5 verified.
Filename precios_2017-10-03.csv.gz present
Filename precios_2017-10-03.csv.gz: MD5 verified.
Filename sucursales_2016-06-05.csv.gz present
Filename sucursales_2016-06-05.csv.gz: MD5 verified.
Filename sucursales_2017-12-06.csv.gz present
Filename sucursales_2017-12-06.csv.gz: MD5 verified.
Filename sucursales_2018-02-28.csv.gz present
Filename sucursales_2018-02-28.csv.gz: MD5 verified.
Filename sucursales_2017-12-17.csv.gz present
Filename sucursales_2017-12-17.csv.gz: MD5 verified.
Filename sucursales_2017-10-05.csv.gz present
Filename sucursales_2017-10-05.csv.gz: MD5 verified.
Filename productos_2017-06-20.csv.gz present
Filename productos_2017-06-20.csv.gz: MD5 verified.
Filename precios_2016-09-30.csv.gz present
Filename precios_2016-09-30.csv.gz: MD5 verified.
Filename precios_2017-01-22.csv.gz present
Filename precios_2017-01-22.csv.gz: MD5 verified.
Filename sucursales_2016-06-27.csv.gz present
Filename sucursales_2016-06-27.csv.gz: MD5 verified.
Filename sucursales_2017-07-11.csv.gz present
Filename sucursales_2017-07-11.csv.gz: MD5 verified.
Filename productos_2017-08-16.csv.gz present
Filename productos_2017-08-16.csv.gz: MD5 verified.
Filename sucursales_2017-07-29.csv.gz present
Filename sucursales_2017-07-29.csv.gz: MD5 verified.
Filename sucursales_2016-08-13.csv.gz present
Filename sucursales_2016-08-13.csv.gz: MD5 verified.
Filename productos_2017-02-25.csv.gz present
Filename productos_2017-02-25.csv.gz: MD5 verified.
Filename sucursales_2017-07-13.csv.gz present
Filename sucursales_2017-07-13.csv.gz: MD5 verified.
Filename productos_2017-07-19.csv.gz present
Filename productos_2017-07-19.csv.gz: MD5 verified.
Filename sucursales_2016-09-27.csv.gz present
Filename sucursales_2016-09-27.csv.gz: MD5 verified.
Filename productos_2016-09-16.csv.gz present
Filename productos_2016-09-16.csv.gz: MD5 verified.
Filename sucursales_2017-01-19.csv.gz present
Filename sucursales_2017-01-19.csv.gz: MD5 verified.
Filename sucursales_2016-12-22.csv.gz present
Filename sucursales_2016-12-22.csv.gz: MD5 verified.
Filename productos_2016-06-19.csv.gz present
Filename productos_2016-06-19.csv.gz: MD5 verified.
Filename precios_2017-02-25.csv.gz present
Filename precios_2017-02-25.csv.gz: MD5 verified.
Filename precios_2017-04-17.csv.gz present
Filename precios_2017-04-17.csv.gz: MD5 verified.
Filename precios_2017-04-22.csv.gz present
Filename precios_2017-04-22.csv.gz: MD5 verified.
Filename precios_2016-11-01.csv.gz present
Filename precios_2016-11-01.csv.gz: MD5 verified.
Filename sucursales_2017-06-07.csv.gz present
Filename sucursales_2017-06-07.csv.gz: MD5 verified.
Filename sucursales_2016-06-02.csv.gz present
Filename sucursales_2016-06-02.csv.gz: MD5 verified.
Filename sucursales_2017-02-10.csv.gz present
Filename sucursales_2017-02-10.csv.gz: MD5 verified.
Filename productos_2016-10-03.csv.gz present
Filename productos_2016-10-03.csv.gz: MD5 verified.
Filename productos_2018-01-08.csv.gz present
Filename productos_2018-01-08.csv.gz: MD5 verified.
Filename precios_2017-10-13.csv.gz present
Filename precios_2017-10-13.csv.gz: MD5 verified.
Filename sucursales_2017-06-02.csv.gz present
Filename sucursales_2017-06-02.csv.gz: MD5 verified.
Filename sucursales_2016-09-26.csv.gz present
Filename sucursales_2016-09-26.csv.gz: MD5 verified.
Filename sucursales_2017-02-08.csv.gz present
Filename sucursales_2017-02-08.csv.gz: MD5 verified.
Filename sucursales_2017-01-02.csv.gz present
Filename sucursales_2017-01-02.csv.gz: MD5 verified.
Filename productos_2017-10-21.csv.gz present
Filename productos_2017-10-21.csv.gz: MD5 verified.
Filename productos_2017-08-24.csv.gz present
Filename productos_2017-08-24.csv.gz: MD5 verified.
Filename precios_2016-06-27.csv.gz present
Filename precios_2016-06-27.csv.gz: MD5 verified.
Filename sucursales_2017-07-12.csv.gz present
Filename sucursales_2017-07-12.csv.gz: MD5 verified.
Filename productos_2017-08-22.csv.gz present
Filename productos_2017-08-22.csv.gz: MD5 verified.
Filename productos_2016-09-01.csv.gz present
Filename productos_2016-09-01.csv.gz: MD5 verified.
Filename precios_2016-09-08.csv.gz present
Filename precios_2016-09-08.csv.gz: MD5 verified.
Filename sucursales_2017-02-05.csv.gz present
Filename sucursales_2017-02-05.csv.gz: MD5 verified.
Filename precios_2016-12-02.csv.gz present
Filename precios_2016-12-02.csv.gz: MD5 verified.
Filename productos_2016-12-10.csv.gz present
Filename productos_2016-12-10.csv.gz: MD5 verified.
Filename productos_2017-02-24.csv.gz present
Filename productos_2017-02-24.csv.gz: MD5 verified.
Filename precios_2018-01-14.csv.gz present
Filename precios_2018-01-14.csv.gz: MD5 verified.
Filename sucursales_2017-12-16.csv.gz present
Filename sucursales_2017-12-16.csv.gz: MD5 verified.
Filename precios_2018-02-04.csv.gz present
Filename precios_2018-02-04.csv.gz: MD5 verified.
Filename sucursales_2017-10-26.csv.gz present
Filename sucursales_2017-10-26.csv.gz: MD5 verified.
Filename precios_2016-05-17.csv.gz present
Filename precios_2016-05-17.csv.gz: MD5 verified.
Filename precios_2017-01-02.csv.gz present
Filename precios_2017-01-02.csv.gz: MD5 verified.
Filename productos_2017-09-12.csv.gz present
Filename productos_2017-09-12.csv.gz: MD5 verified.
Filename precios_2017-12-19.csv.gz present
Filename precios_2017-12-19.csv.gz: MD5 verified.
Filename productos_2017-06-06.csv.gz present
Filename productos_2017-06-06.csv.gz: MD5 verified.
Filename productos_2017-01-21.csv.gz present
Filename productos_2017-01-21.csv.gz: MD5 verified.
Filename precios_2017-03-16.csv.gz present
Filename precios_2017-03-16.csv.gz: MD5 verified.
Filename sucursales_2017-02-03.csv.gz present
Filename sucursales_2017-02-03.csv.gz: MD5 verified.
Filename sucursales_2017-10-23.csv.gz present
Filename sucursales_2017-10-23.csv.gz: MD5 verified.
Filename precios_2017-10-20.csv.gz present
Filename precios_2017-10-20.csv.gz: MD5 verified.
Filename sucursales_2016-10-24.csv.gz present
Filename sucursales_2016-10-24.csv.gz: MD5 verified.
Filename precios_2017-04-24.csv.gz present
Filename precios_2017-04-24.csv.gz: MD5 verified.
Filename sucursales_2017-05-24.csv.gz present
Filename sucursales_2017-05-24.csv.gz: MD5 verified.
Filename precios_2017-09-10.csv.gz present
Filename precios_2017-09-10.csv.gz: MD5 verified.
Filename precios_2017-03-30.csv.gz present
Filename precios_2017-03-30.csv.gz: MD5 verified.
Filename sucursales_2018-02-10.csv.gz present
Filename sucursales_2018-02-10.csv.gz: MD5 verified.
Filename sucursales_2017-11-08.csv.gz present
Filename sucursales_2017-11-08.csv.gz: MD5 verified.
Filename productos_2017-01-26.csv.gz present
Filename productos_2017-01-26.csv.gz: MD5 verified.
Filename productos_2017-06-05.csv.gz present
Filename productos_2017-06-05.csv.gz: MD5 verified.
Filename precios_2016-07-14.csv.gz present
Filename precios_2016-07-14.csv.gz: MD5 verified.
Filename productos_2017-12-23.csv.gz present
Filename productos_2017-12-23.csv.gz: MD5 verified.
Filename sucursales_2017-07-04.csv.gz present
Filename sucursales_2017-07-04.csv.gz: MD5 verified.
Filename precios_2016-08-06.csv.gz present
Filename precios_2016-08-06.csv.gz: MD5 verified.
Filename productos_2017-11-06.csv.gz present
Filename productos_2017-11-06.csv.gz: MD5 verified.
Filename sucursales_2018-01-11.csv.gz present
Filename sucursales_2018-01-11.csv.gz: MD5 verified.
Filename sucursales_2017-05-13.csv.gz present
Filename sucursales_2017-05-13.csv.gz: MD5 verified.
Filename productos_2016-11-20.csv.gz present
Filename productos_2016-11-20.csv.gz: MD5 verified.
Filename sucursales_2018-02-21.csv.gz present
Filename sucursales_2018-02-21.csv.gz: MD5 verified.
Filename precios_2016-11-15.csv.gz present
Filename precios_2016-11-15.csv.gz: MD5 verified.
Filename productos_2016-06-10.csv.gz present
Filename productos_2016-06-10.csv.gz: MD5 verified.
Filename sucursales_2016-10-29.csv.gz present
Filename sucursales_2016-10-29.csv.gz: MD5 verified.
Filename productos_2016-06-03.csv.gz present
Filename productos_2016-06-03.csv.gz: MD5 verified.
Filename productos_2016-07-03.csv.gz present
Filename productos_2016-07-03.csv.gz: MD5 verified.
Filename sucursales_2017-09-21.csv.gz present
Filename sucursales_2017-09-21.csv.gz: MD5 verified.
Filename productos_2017-06-03.csv.gz present
Filename productos_2017-06-03.csv.gz: MD5 verified.
Filename precios_2016-10-10.csv.gz present
Filename precios_2016-10-10.csv.gz: MD5 verified.
Filename sucursales_2017-01-24.csv.gz present
Filename sucursales_2017-01-24.csv.gz: MD5 verified.
Filename productos_2017-07-09.csv.gz present
Filename productos_2017-07-09.csv.gz: MD5 verified.
Filename productos_2016-12-07.csv.gz present
Filename productos_2016-12-07.csv.gz: MD5 verified.
Filename sucursales_2018-02-15.csv.gz present
Filename sucursales_2018-02-15.csv.gz: MD5 verified.
Filename precios_2017-12-23.csv.gz present
Filename precios_2017-12-23.csv.gz: MD5 verified.
Filename productos_2016-11-09.csv.gz present
Filename productos_2016-11-09.csv.gz: MD5 verified.
Filename sucursales_2016-06-26.csv.gz present
Filename sucursales_2016-06-26.csv.gz: MD5 verified.
Filename productos_2016-05-10.csv.gz present
Filename productos_2016-05-10.csv.gz: MD5 verified.
Filename productos_2017-07-15.csv.gz present
Filename productos_2017-07-15.csv.gz: MD5 verified.
Filename productos_2017-02-17.csv.gz present
Filename productos_2017-02-17.csv.gz: MD5 verified.
Filename sucursales_2018-01-05.csv.gz present
Filename sucursales_2018-01-05.csv.gz: MD5 verified.
Filename precios_2016-12-28.csv.gz present
Filename precios_2016-12-28.csv.gz: MD5 verified.
Filename productos_2018-03-11.csv.gz present
Filename productos_2018-03-11.csv.gz: MD5 verified.
Filename precios_2016-11-18.csv.gz present
Filename precios_2016-11-18.csv.gz: MD5 verified.
Filename precios_2017-12-24.csv.gz present
Filename precios_2017-12-24.csv.gz: MD5 verified.
Filename productos_2016-12-28.csv.gz present
Filename productos_2016-12-28.csv.gz: MD5 verified.
Filename sucursales_2016-05-15.csv.gz present
Filename sucursales_2016-05-15.csv.gz: MD5 verified.
Filename sucursales_2017-03-20.csv.gz present
Filename sucursales_2017-03-20.csv.gz: MD5 verified.
Filename precios_2016-09-03.csv.gz present
Filename precios_2016-09-03.csv.gz: MD5 verified.
Filename productos_2017-09-07.csv.gz present
Filename productos_2017-09-07.csv.gz: MD5 verified.
Filename sucursales_2017-01-10.csv.gz present
Filename sucursales_2017-01-10.csv.gz: MD5 verified.
Filename productos_2016-10-13.csv.gz present
Filename productos_2016-10-13.csv.gz: MD5 verified.
Filename sucursales_2017-11-28.csv.gz present
Filename sucursales_2017-11-28.csv.gz: MD5 verified.
Filename sucursales_2017-02-17.csv.gz present
Filename sucursales_2017-02-17.csv.gz: MD5 verified.
Filename precios_2017-05-15.csv.gz present
Filename precios_2017-05-15.csv.gz: MD5 verified.
Filename productos_2017-11-03.csv.gz present
Filename productos_2017-11-03.csv.gz: MD5 verified.
Filename productos_2018-03-06.csv.gz present
Filename productos_2018-03-06.csv.gz: MD5 verified.
Filename precios_2017-02-22.csv.gz present
Filename precios_2017-02-22.csv.gz: MD5 verified.
Filename precios_2017-10-19.csv.gz present
Filename precios_2017-10-19.csv.gz: MD5 verified.
Filename precios_2017-02-23.csv.gz present
Filename precios_2017-02-23.csv.gz: MD5 verified.
Filename productos_2017-09-24.csv.gz present
Filename productos_2017-09-24.csv.gz: MD5 verified.
Filename sucursales_2016-09-29.csv.gz present
Filename sucursales_2016-09-29.csv.gz: MD5 verified.
Filename productos_2017-05-10.csv.gz present
Filename productos_2017-05-10.csv.gz: MD5 verified.
Filename sucursales_2017-06-06.csv.gz present
Filename sucursales_2017-06-06.csv.gz: MD5 verified.
Filename sucursales_2016-09-28.csv.gz present
Filename sucursales_2016-09-28.csv.gz: MD5 verified.
Filename productos_2017-04-20.csv.gz present
Filename productos_2017-04-20.csv.gz: MD5 verified.
Filename precios_2017-04-26.csv.gz present
Filename precios_2017-04-26.csv.gz: MD5 verified.
Filename sucursales_2017-06-12.csv.gz present
Filename sucursales_2017-06-12.csv.gz: MD5 verified.
Filename precios_2018-02-20.csv.gz present
Filename precios_2018-02-20.csv.gz: MD5 verified.
Filename sucursales_2016-07-22.csv.gz present
Filename sucursales_2016-07-22.csv.gz: MD5 verified.
Filename sucursales_2017-02-13.csv.gz present
Filename sucursales_2017-02-13.csv.gz: MD5 verified.
Filename precios_2017-09-12.csv.gz present
Filename precios_2017-09-12.csv.gz: MD5 verified.
Filename precios_2016-10-09.csv.gz present
Filename precios_2016-10-09.csv.gz: MD5 verified.
Filename sucursales_2017-11-17.csv.gz present
Filename sucursales_2017-11-17.csv.gz: MD5 verified.
Filename productos_2017-02-10.csv.gz present
Filename productos_2017-02-10.csv.gz: MD5 verified.
Filename productos_2016-11-03.csv.gz present
Filename productos_2016-11-03.csv.gz: MD5 verified.
Filename productos_2017-01-24.csv.gz present
Filename productos_2017-01-24.csv.gz: MD5 verified.
Filename productos_2017-02-04.csv.gz present
Filename productos_2017-02-04.csv.gz: MD5 verified.
Filename precios_2018-03-08.csv.gz present
Filename precios_2018-03-08.csv.gz: MD5 verified.
Filename sucursales_2016-12-04.csv.gz present
Filename sucursales_2016-12-04.csv.gz: MD5 verified.
Filename productos_2018-02-28.csv.gz present
Filename productos_2018-02-28.csv.gz: MD5 verified.
Filename precios_2017-08-24.csv.gz present
Filename precios_2017-08-24.csv.gz: MD5 verified.
Filename precios_2017-06-19.csv.gz present
Filename precios_2017-06-19.csv.gz: MD5 verified.
Filename productos_2016-06-22.csv.gz present
Filename productos_2016-06-22.csv.gz: MD5 verified.
Filename precios_2017-01-17.csv.gz present
Filename precios_2017-01-17.csv.gz: MD5 verified.
Filename sucursales_2018-02-17.csv.gz present
Filename sucursales_2018-02-17.csv.gz: MD5 verified.
Filename precios_2017-08-22.csv.gz present
Filename precios_2017-08-22.csv.gz: MD5 verified.
Filename precios_2016-12-17.csv.gz present
Filename precios_2016-12-17.csv.gz: MD5 verified.
Filename precios_2017-02-11.csv.gz present
Filename precios_2017-02-11.csv.gz: MD5 verified.
Filename sucursales_2018-02-08.csv.gz present
Filename sucursales_2018-02-08.csv.gz: MD5 verified.
Filename precios_2016-10-13.csv.gz present
Filename precios_2016-10-13.csv.gz: MD5 verified.
Filename productos_2017-08-21.csv.gz present
Filename productos_2017-08-21.csv.gz: MD5 verified.
Filename sucursales_2016-10-22.csv.gz present
Filename sucursales_2016-10-22.csv.gz: MD5 verified.
Filename precios_2017-04-21.csv.gz present
Filename precios_2017-04-21.csv.gz: MD5 verified.
Filename productos_2017-01-12.csv.gz present
Filename productos_2017-01-12.csv.gz: MD5 verified.
Filename productos_2016-06-08.csv.gz present
Filename productos_2016-06-08.csv.gz: MD5 verified.
Filename productos_2017-04-06.csv.gz present
Filename productos_2017-04-06.csv.gz: MD5 verified.
Filename precios_2018-01-17.csv.gz present
Filename precios_2018-01-17.csv.gz: MD5 verified.
Filename precios_2016-09-13.csv.gz present
Filename precios_2016-09-13.csv.gz: MD5 verified.
Filename precios_2016-10-27.csv.gz present
Filename precios_2016-10-27.csv.gz: MD5 verified.
Filename precios_2016-06-01.csv.gz present
Filename precios_2016-06-01.csv.gz: MD5 verified.
Filename productos_2017-04-27.csv.gz present
Filename productos_2017-04-27.csv.gz: MD5 verified.
Filename precios_2016-05-15.csv.gz present
Filename precios_2016-05-15.csv.gz: MD5 verified.
Filename precios_2018-02-26.csv.gz present
Filename precios_2018-02-26.csv.gz: MD5 verified.
Filename precios_2017-04-01.csv.gz present
Filename precios_2017-04-01.csv.gz: MD5 verified.
Filename precios_2017-03-03.csv.gz present
Filename precios_2017-03-03.csv.gz: MD5 verified.
Filename precios_2017-08-16.csv.gz present
Filename precios_2017-08-16.csv.gz: MD5 verified.
Filename sucursales_2016-06-06.csv.gz present
Filename sucursales_2016-06-06.csv.gz: MD5 verified.
Filename productos_2016-10-25.csv.gz present
Filename productos_2016-10-25.csv.gz: MD5 verified.
Filename precios_2016-08-20.csv.gz present
Filename precios_2016-08-20.csv.gz: MD5 verified.
Filename precios_2016-09-12.csv.gz present
Filename precios_2016-09-12.csv.gz: MD5 verified.
Filename sucursales_2016-10-16.csv.gz present
Filename sucursales_2016-10-16.csv.gz: MD5 verified.
Filename productos_2017-06-29.csv.gz present
Filename productos_2017-06-29.csv.gz: MD5 verified.
Filename productos_2018-01-26.csv.gz present
Filename productos_2018-01-26.csv.gz: MD5 verified.
Filename productos_2016-08-27.csv.gz present
Filename productos_2016-08-27.csv.gz: MD5 verified.
Filename productos_2017-10-19.csv.gz present
Filename productos_2017-10-19.csv.gz: MD5 verified.
Filename precios_2016-09-10.csv.gz present
Filename precios_2016-09-10.csv.gz: MD5 verified.
Filename precios_2017-11-06.csv.gz present
Filename precios_2017-11-06.csv.gz: MD5 verified.
Filename precios_2017-06-23.csv.gz present
Filename precios_2017-06-23.csv.gz: MD5 verified.
Filename productos_2017-08-18.csv.gz present
Filename productos_2017-08-18.csv.gz: MD5 verified.
Filename productos_2016-12-13.csv.gz present
Filename productos_2016-12-13.csv.gz: MD5 verified.
Filename productos_2016-09-18.csv.gz present
Filename productos_2016-09-18.csv.gz: MD5 verified.
Filename productos_2016-06-26.csv.gz present
Filename productos_2016-06-26.csv.gz: MD5 verified.
Filename precios_2017-10-24.csv.gz present
Filename precios_2017-10-24.csv.gz: MD5 verified.
Filename productos_2016-06-29.csv.gz present
Filename productos_2016-06-29.csv.gz: MD5 verified.
Filename productos_2017-09-03.csv.gz present
Filename productos_2017-09-03.csv.gz: MD5 verified.
Filename precios_2017-09-29.csv.gz present
Filename precios_2017-09-29.csv.gz: MD5 verified.
Filename precios_2016-06-26.csv.gz present
Filename precios_2016-06-26.csv.gz: MD5 verified.
Filename precios_2017-11-16.csv.gz present
Filename precios_2017-11-16.csv.gz: MD5 verified.
Filename productos_2016-11-17.csv.gz present
Filename productos_2016-11-17.csv.gz: MD5 verified.
Filename sucursales_2017-09-19.csv.gz present
Filename sucursales_2017-09-19.csv.gz: MD5 verified.
Filename productos_2017-11-20.csv.gz present
Filename productos_2017-11-20.csv.gz: MD5 verified.
Filename productos_2017-06-26.csv.gz present
Filename productos_2017-06-26.csv.gz: MD5 verified.
Filename productos_2017-12-04.csv.gz present
Filename productos_2017-12-04.csv.gz: MD5 verified.
Filename sucursales_2018-01-28.csv.gz present
Filename sucursales_2018-01-28.csv.gz: MD5 verified.
Filename productos_2018-03-02.csv.gz present
Filename productos_2018-03-02.csv.gz: MD5 verified.
Filename precios_2017-03-25.csv.gz present
Filename precios_2017-03-25.csv.gz: MD5 verified.
Filename precios_2017-05-27.csv.gz present
Filename precios_2017-05-27.csv.gz: MD5 verified.
Filename productos_2017-10-14.csv.gz present
Filename productos_2017-10-14.csv.gz: MD5 verified.
Filename productos_2016-11-15.csv.gz present
Filename productos_2016-11-15.csv.gz: MD5 verified.
Filename productos_2017-05-06.csv.gz present
Filename productos_2017-05-06.csv.gz: MD5 verified.
Filename productos_2017-09-26.csv.gz present
Filename productos_2017-09-26.csv.gz: MD5 verified.
Filename productos_2016-05-16.csv.gz present
Filename productos_2016-05-16.csv.gz: MD5 verified.
Filename productos_2016-08-22.csv.gz present
Filename productos_2016-08-22.csv.gz: MD5 verified.
Filename sucursales_2017-06-22.csv.gz present
Filename sucursales_2017-06-22.csv.gz: MD5 verified.
Filename sucursales_2016-06-12.csv.gz present
Filename sucursales_2016-06-12.csv.gz: MD5 verified.
Filename precios_2016-05-24.csv.gz present
Filename precios_2016-05-24.csv.gz: MD5 verified.
Filename productos_2016-07-27.csv.gz present
Filename productos_2016-07-27.csv.gz: MD5 verified.
Filename productos_2016-05-28.csv.gz present
Filename productos_2016-05-28.csv.gz: MD5 verified.
Filename precios_2016-07-25.csv.gz present
Filename precios_2016-07-25.csv.gz: MD5 verified.
Filename sucursales_2017-03-18.csv.gz present
Filename sucursales_2017-03-18.csv.gz: MD5 verified.
Filename sucursales_2018-01-08.csv.gz present
Filename sucursales_2018-01-08.csv.gz: MD5 verified.
Filename precios_2018-02-01.csv.gz present
Filename precios_2018-02-01.csv.gz: MD5 verified.
Filename precios_2016-12-26.csv.gz present
Filename precios_2016-12-26.csv.gz: MD5 verified.
Filename sucursales_2016-10-15.csv.gz present
Filename sucursales_2016-10-15.csv.gz: MD5 verified.
Filename productos_2016-08-31.csv.gz present
Filename productos_2016-08-31.csv.gz: MD5 verified.
Filename sucursales_2016-08-03.csv.gz present
Filename sucursales_2016-08-03.csv.gz: MD5 verified.
Filename precios_2017-06-21.csv.gz present
Filename precios_2017-06-21.csv.gz: MD5 verified.
Filename productos_2017-02-20.csv.gz present
Filename productos_2017-02-20.csv.gz: MD5 verified.
Filename sucursales_2017-10-07.csv.gz present
Filename sucursales_2017-10-07.csv.gz: MD5 verified.
Filename sucursales_2017-04-19.csv.gz present
Filename sucursales_2017-04-19.csv.gz: MD5 verified.
Filename precios_2017-12-26.csv.gz present
Filename precios_2017-12-26.csv.gz: MD5 verified.
Filename productos_2016-12-15.csv.gz present
Filename productos_2016-12-15.csv.gz: MD5 verified.
Filename sucursales_2016-08-07.csv.gz present
Filename sucursales_2016-08-07.csv.gz: MD5 verified.
Filename productos_2017-04-29.csv.gz present
Filename productos_2017-04-29.csv.gz: MD5 verified.
Filename productos_2017-09-09.csv.gz present
Filename productos_2017-09-09.csv.gz: MD5 verified.
Filename precios_2016-12-25.csv.gz present
Filename precios_2016-12-25.csv.gz: MD5 verified.
Filename productos_2017-06-02.csv.gz present
Filename productos_2017-06-02.csv.gz: MD5 verified.
Filename productos_2017-09-08.csv.gz present
Filename productos_2017-09-08.csv.gz: MD5 verified.
Filename sucursales_2018-01-01.csv.gz present
Filename sucursales_2018-01-01.csv.gz: MD5 verified.
Filename precios_2016-06-17.csv.gz present
Filename precios_2016-06-17.csv.gz: MD5 verified.
Filename productos_2018-02-13.csv.gz present
Filename productos_2018-02-13.csv.gz: MD5 verified.
Filename sucursales_2017-06-26.csv.gz present
Filename sucursales_2017-06-26.csv.gz: MD5 verified.
Filename precios_2017-09-01.csv.gz present
Filename precios_2017-09-01.csv.gz: MD5 verified.
Filename sucursales_2016-12-19.csv.gz present
Filename sucursales_2016-12-19.csv.gz: MD5 verified.
Filename precios_2016-10-17.csv.gz present
Filename precios_2016-10-17.csv.gz: MD5 verified.
Filename precios_2016-08-08.csv.gz present
Filename precios_2016-08-08.csv.gz: MD5 verified.
Filename precios_2017-10-05.csv.gz present
Filename precios_2017-10-05.csv.gz: MD5 verified.
Filename precios_2016-08-07.csv.gz present
Filename precios_2016-08-07.csv.gz: MD5 verified.
Filename productos_2017-11-13.csv.gz present
Filename productos_2017-11-13.csv.gz: MD5 verified.
Filename precios_2016-12-14.csv.gz present
Filename precios_2016-12-14.csv.gz: MD5 verified.
Filename productos_2016-10-18.csv.gz present
Filename productos_2016-10-18.csv.gz: MD5 verified.
Filename productos_2016-07-20.csv.gz present
Filename productos_2016-07-20.csv.gz: MD5 verified.
Filename productos_2017-10-05.csv.gz present
Filename productos_2017-10-05.csv.gz: MD5 verified.
Filename productos_2016-10-12.csv.gz present
Filename productos_2016-10-12.csv.gz: MD5 verified.
Filename sucursales_2017-09-03.csv.gz present
Filename sucursales_2017-09-03.csv.gz: MD5 verified.
Filename productos_2018-01-05.csv.gz present
Filename productos_2018-01-05.csv.gz: MD5 verified.
Filename productos_2016-09-29.csv.gz present
Filename productos_2016-09-29.csv.gz: MD5 verified.
Filename productos_2017-04-02.csv.gz present
Filename productos_2017-04-02.csv.gz: MD5 verified.
Filename precios_2017-07-05.csv.gz present
Filename precios_2017-07-05.csv.gz: MD5 verified.
Filename sucursales_2016-10-27.csv.gz present
Filename sucursales_2016-10-27.csv.gz: MD5 verified.
Filename productos_2016-07-24.csv.gz present
Filename productos_2016-07-24.csv.gz: MD5 verified.
Filename sucursales_2017-04-16.csv.gz present
Filename sucursales_2017-04-16.csv.gz: MD5 verified.
Filename sucursales_2017-04-22.csv.gz present
Filename sucursales_2017-04-22.csv.gz: MD5 verified.
Filename sucursales_2018-02-22.csv.gz present
Filename sucursales_2018-02-22.csv.gz: MD5 verified.
Filename sucursales_2017-02-14.csv.gz present
Filename sucursales_2017-02-14.csv.gz: MD5 verified.
Filename productos_2017-06-01.csv.gz present
Filename productos_2017-06-01.csv.gz: MD5 verified.
Filename productos_2017-02-03.csv.gz present
Filename productos_2017-02-03.csv.gz: MD5 verified.
Filename sucursales_2017-09-25.csv.gz present
Filename sucursales_2017-09-25.csv.gz: MD5 verified.
Filename sucursales_2016-06-29.csv.gz present
Filename sucursales_2016-06-29.csv.gz: MD5 verified.
Filename precios_2016-08-05.csv.gz present
Filename precios_2016-08-05.csv.gz: MD5 verified.
Filename precios_2016-10-29.csv.gz present
Filename precios_2016-10-29.csv.gz: MD5 verified.
Filename productos_2018-01-30.csv.gz present
Filename productos_2018-01-30.csv.gz: MD5 verified.
Filename productos_2018-03-05.csv.gz present
Filename productos_2018-03-05.csv.gz: MD5 verified.
Filename sucursales_2016-06-03.csv.gz present
Filename sucursales_2016-06-03.csv.gz: MD5 verified.
Filename sucursales_2017-12-29.csv.gz present
Filename sucursales_2017-12-29.csv.gz: MD5 verified.
Filename sucursales_2017-11-04.csv.gz present
Filename sucursales_2017-11-04.csv.gz: MD5 verified.
Filename precios_2017-05-28.csv.gz present
Filename precios_2017-05-28.csv.gz: MD5 verified.
Filename precios_2016-06-04.csv.gz present
Filename precios_2016-06-04.csv.gz: MD5 verified.
Filename sucursales_2016-12-13.csv.gz present
Filename sucursales_2016-12-13.csv.gz: MD5 verified.
Filename sucursales_2017-04-13.csv.gz present
Filename sucursales_2017-04-13.csv.gz: MD5 verified.
Filename precios_2016-05-29.csv.gz present
Filename precios_2016-05-29.csv.gz: MD5 verified.
Filename sucursales_2016-08-15.csv.gz present
Filename sucursales_2016-08-15.csv.gz: MD5 verified.
Filename precios_2016-10-01.csv.gz present
Filename precios_2016-10-01.csv.gz: MD5 verified.
Filename productos_2017-09-14.csv.gz present
Filename productos_2017-09-14.csv.gz: MD5 verified.
Filename precios_2017-01-27.csv.gz present
Filename precios_2017-01-27.csv.gz: MD5 verified.
Filename productos_2017-09-23.csv.gz present
Filename productos_2017-09-23.csv.gz: MD5 verified.
Filename productos_2016-11-26.csv.gz present
Filename productos_2016-11-26.csv.gz: MD5 verified.
Filename sucursales_2016-11-14.csv.gz present
Filename sucursales_2016-11-14.csv.gz: MD5 verified.
Filename precios_2017-08-15.csv.gz present
Filename precios_2017-08-15.csv.gz: MD5 verified.
Filename productos_2018-02-03.csv.gz present
Filename productos_2018-02-03.csv.gz: MD5 verified.
Filename sucursales_2017-06-17.csv.gz present
Filename sucursales_2017-06-17.csv.gz: MD5 verified.
Filename precios_2016-09-23.csv.gz present
Filename precios_2016-09-23.csv.gz: MD5 verified.
Filename productos_2017-07-17.csv.gz present
Filename productos_2017-07-17.csv.gz: MD5 verified.
Filename productos_2017-09-25.csv.gz present
Filename productos_2017-09-25.csv.gz: MD5 verified.
Filename sucursales_2017-04-07.csv.gz present
Filename sucursales_2017-04-07.csv.gz: MD5 verified.
Filename productos_2017-06-15.csv.gz present
Filename productos_2017-06-15.csv.gz: MD5 verified.
Filename sucursales_2017-02-24.csv.gz present
Filename sucursales_2017-02-24.csv.gz: MD5 verified.
Filename sucursales_2017-10-18.csv.gz present
Filename sucursales_2017-10-18.csv.gz: MD5 verified.
Filename sucursales_2018-02-03.csv.gz present
Filename sucursales_2018-02-03.csv.gz: MD5 verified.
Filename sucursales_2017-08-10.csv.gz present
Filename sucursales_2017-08-10.csv.gz: MD5 verified.
Filename sucursales_2017-07-06.csv.gz present
Filename sucursales_2017-07-06.csv.gz: MD5 verified.
Filename productos_2017-04-24.csv.gz present
Filename productos_2017-04-24.csv.gz: MD5 verified.
Filename precios_2017-07-29.csv.gz present
Filename precios_2017-07-29.csv.gz: MD5 verified.
Filename productos_2016-09-30.csv.gz present
Filename productos_2016-09-30.csv.gz: MD5 verified.
Filename precios_2017-03-20.csv.gz present
Filename precios_2017-03-20.csv.gz: MD5 verified.
Filename sucursales_2017-01-08.csv.gz present
Filename sucursales_2017-01-08.csv.gz: MD5 verified.
Filename precios_2018-01-31.csv.gz present
Filename precios_2018-01-31.csv.gz: MD5 verified.
Filename sucursales_2017-07-16.csv.gz present
Filename sucursales_2017-07-16.csv.gz: MD5 verified.
Filename precios_2017-08-04.csv.gz present
Filename precios_2017-08-04.csv.gz: MD5 verified.
Filename productos_2017-07-03.csv.gz present
Filename productos_2017-07-03.csv.gz: MD5 verified.
Filename productos_2017-06-04.csv.gz present
Filename productos_2017-06-04.csv.gz: MD5 verified.
Filename productos_2016-10-21.csv.gz present
Filename productos_2016-10-21.csv.gz: MD5 verified.
Filename sucursales_2016-07-24.csv.gz present
Filename sucursales_2016-07-24.csv.gz: MD5 verified.
Filename precios_2018-01-02.csv.gz present
Filename precios_2018-01-02.csv.gz: MD5 verified.
Filename productos_2017-05-29.csv.gz present
Filename productos_2017-05-29.csv.gz: MD5 verified.
Filename sucursales_2016-07-29.csv.gz present
Filename sucursales_2016-07-29.csv.gz: MD5 verified.
Filename precios_2016-07-19.csv.gz present
Filename precios_2016-07-19.csv.gz: MD5 verified.
Filename productos_2017-08-04.csv.gz present
Filename productos_2017-08-04.csv.gz: MD5 verified.
Filename precios_2017-09-25.csv.gz present
Filename precios_2017-09-25.csv.gz: MD5 verified.
Filename sucursales_2018-01-02.csv.gz present
Filename sucursales_2018-01-02.csv.gz: MD5 verified.
Filename productos_2017-03-25.csv.gz present
Filename productos_2017-03-25.csv.gz: MD5 verified.
Filename productos_2017-05-03.csv.gz present
Filename productos_2017-05-03.csv.gz: MD5 verified.
Filename productos_2016-05-24.csv.gz present
Filename productos_2016-05-24.csv.gz: MD5 verified.
Filename sucursales_2017-08-23.csv.gz present
Filename sucursales_2017-08-23.csv.gz: MD5 verified.
Filename sucursales_2017-05-25.csv.gz present
Filename sucursales_2017-05-25.csv.gz: MD5 verified.
Filename precios_2016-07-12.csv.gz present
Filename precios_2016-07-12.csv.gz: MD5 verified.
Filename sucursales_2017-08-04.csv.gz present
Filename sucursales_2017-08-04.csv.gz: MD5 verified.
Filename sucursales_2016-10-20.csv.gz present
Filename sucursales_2016-10-20.csv.gz: MD5 verified.
Filename precios_2016-12-09.csv.gz present
Filename precios_2016-12-09.csv.gz: MD5 verified.
Filename productos_2017-08-28.csv.gz present
Filename productos_2017-08-28.csv.gz: MD5 verified.
Filename productos_2017-08-09.csv.gz present
Filename productos_2017-08-09.csv.gz: MD5 verified.
Filename productos_2017-02-23.csv.gz present
Filename productos_2017-02-23.csv.gz: MD5 verified.
Filename productos_2017-09-22.csv.gz present
Filename productos_2017-09-22.csv.gz: MD5 verified.
Filename sucursales_2017-11-19.csv.gz present
Filename sucursales_2017-11-19.csv.gz: MD5 verified.
Filename productos_2016-07-28.csv.gz present
Filename productos_2016-07-28.csv.gz: MD5 verified.
Filename sucursales_2017-11-11.csv.gz present
Filename sucursales_2017-11-11.csv.gz: MD5 verified.
Filename productos_2017-01-27.csv.gz present
Filename productos_2017-01-27.csv.gz: MD5 verified.
Filename productos_2016-11-02.csv.gz present
Filename productos_2016-11-02.csv.gz: MD5 verified.
Filename productos_2016-07-19.csv.gz present
Filename productos_2016-07-19.csv.gz: MD5 verified.
Filename productos_2017-03-24.csv.gz present
Filename productos_2017-03-24.csv.gz: MD5 verified.
Filename sucursales_2016-08-02.csv.gz present
Filename sucursales_2016-08-02.csv.gz: MD5 verified.
Filename productos_2017-01-03.csv.gz present
Filename productos_2017-01-03.csv.gz: MD5 verified.
Filename precios_2018-01-07.csv.gz present
Filename precios_2018-01-07.csv.gz: MD5 verified.
Filename sucursales_2017-08-07.csv.gz present
Filename sucursales_2017-08-07.csv.gz: MD5 verified.
Filename sucursales_2016-06-11.csv.gz present
Filename sucursales_2016-06-11.csv.gz: MD5 verified.
Filename sucursales_2018-03-03.csv.gz present
Filename sucursales_2018-03-03.csv.gz: MD5 verified.
Filename sucursales_2016-06-09.csv.gz present
Filename sucursales_2016-06-09.csv.gz: MD5 verified.
Filename productos_2018-01-06.csv.gz present
Filename productos_2018-01-06.csv.gz: MD5 verified.
Filename sucursales_2017-08-21.csv.gz present
Filename sucursales_2017-08-21.csv.gz: MD5 verified.
Filename precios_2018-01-28.csv.gz present
Filename precios_2018-01-28.csv.gz: MD5 verified.
Filename precios_2016-10-31.csv.gz present
Filename precios_2016-10-31.csv.gz: MD5 verified.
Filename productos_2016-09-27.csv.gz present
Filename productos_2016-09-27.csv.gz: MD5 verified.
Filename sucursales_2017-10-06.csv.gz present
Filename sucursales_2017-10-06.csv.gz: MD5 verified.
Filename productos_2017-09-04.csv.gz present
Filename productos_2017-09-04.csv.gz: MD5 verified.
Filename productos_2017-07-27.csv.gz present
Filename productos_2017-07-27.csv.gz: MD5 verified.
Filename precios_2017-04-06.csv.gz present
Filename precios_2017-04-06.csv.gz: MD5 verified.
Filename sucursales_2016-05-27.csv.gz present
Filename sucursales_2016-05-27.csv.gz: MD5 verified.
Filename sucursales_2017-01-05.csv.gz present
Filename sucursales_2017-01-05.csv.gz: MD5 verified.
Filename productos_2016-11-21.csv.gz present
Filename productos_2016-11-21.csv.gz: MD5 verified.
Filename productos_2017-01-05.csv.gz present
Filename productos_2017-01-05.csv.gz: MD5 verified.
Filename precios_2017-03-07.csv.gz present
Filename precios_2017-03-07.csv.gz: MD5 verified.
Filename precios_2016-10-15.csv.gz present
Filename precios_2016-10-15.csv.gz: MD5 verified.
Filename sucursales_2016-09-08.csv.gz present
Filename sucursales_2016-09-08.csv.gz: MD5 verified.
Filename productos_2017-10-11.csv.gz present
Filename productos_2017-10-11.csv.gz: MD5 verified.
Filename productos_2017-02-14.csv.gz present
Filename productos_2017-02-14.csv.gz: MD5 verified.
Filename sucursales_2016-07-15.csv.gz present
Filename sucursales_2016-07-15.csv.gz: MD5 verified.
Filename productos_2016-12-19.csv.gz present
Filename productos_2016-12-19.csv.gz: MD5 verified.
Filename sucursales_2017-07-27.csv.gz present
Filename sucursales_2017-07-27.csv.gz: MD5 verified.
Filename precios_2016-12-04.csv.gz present
Filename precios_2016-12-04.csv.gz: MD5 verified.
Filename sucursales_2016-07-03.csv.gz present
Filename sucursales_2016-07-03.csv.gz: MD5 verified.
Filename precios_2017-01-21.csv.gz present
Filename precios_2017-01-21.csv.gz: MD5 verified.
Filename productos_2017-08-25.csv.gz present
Filename productos_2017-08-25.csv.gz: MD5 verified.
Filename precios_2016-11-13.csv.gz present
Filename precios_2016-11-13.csv.gz: MD5 verified.
Filename productos_2017-10-27.csv.gz present
Filename productos_2017-10-27.csv.gz: MD5 verified.
Filename sucursales_2017-11-23.csv.gz present
Filename sucursales_2017-11-23.csv.gz: MD5 verified.
Filename sucursales_2016-08-26.csv.gz present
Filename sucursales_2016-08-26.csv.gz: MD5 verified.
Filename sucursales_2016-09-21.csv.gz present
Filename sucursales_2016-09-21.csv.gz: MD5 verified.
Filename sucursales_2017-12-05.csv.gz present
Filename sucursales_2017-12-05.csv.gz: MD5 verified.
Filename productos_2018-01-27.csv.gz present
Filename productos_2018-01-27.csv.gz: MD5 verified.
Filename productos_2017-05-01.csv.gz present
Filename productos_2017-05-01.csv.gz: MD5 verified.
Filename productos_2016-06-05.csv.gz present
Filename productos_2016-06-05.csv.gz: MD5 verified.
Filename productos_2017-12-18.csv.gz present
Filename productos_2017-12-18.csv.gz: MD5 verified.
Filename precios_2017-12-03.csv.gz present
Filename precios_2017-12-03.csv.gz: MD5 verified.
Filename precios_2017-05-11.csv.gz present
Filename precios_2017-05-11.csv.gz: MD5 verified.
Filename sucursales_2017-03-07.csv.gz present
Filename sucursales_2017-03-07.csv.gz: MD5 verified.
Filename sucursales_2018-03-04.csv.gz present
Filename sucursales_2018-03-04.csv.gz: MD5 verified.
Filename productos_2017-03-17.csv.gz present
Filename productos_2017-03-17.csv.gz: MD5 verified.
Filename precios_2017-02-01.csv.gz present
Filename precios_2017-02-01.csv.gz: MD5 verified.
Filename sucursales_2016-07-01.csv.gz present
Filename sucursales_2016-07-01.csv.gz: MD5 verified.
Filename productos_2017-04-05.csv.gz present
Filename productos_2017-04-05.csv.gz: MD5 verified.
Filename precios_2016-10-08.csv.gz present
Filename precios_2016-10-08.csv.gz: MD5 verified.
Filename sucursales_2016-07-10.csv.gz present
Filename sucursales_2016-07-10.csv.gz: MD5 verified.
Filename sucursales_2016-06-30.csv.gz present
Filename sucursales_2016-06-30.csv.gz: MD5 verified.
Filename productos_2016-11-10.csv.gz present
Filename productos_2016-11-10.csv.gz: MD5 verified.
Filename sucursales_2017-04-15.csv.gz present
Filename sucursales_2017-04-15.csv.gz: MD5 verified.
Filename sucursales_2016-09-20.csv.gz present
Filename sucursales_2016-09-20.csv.gz: MD5 verified.
Filename productos_2017-10-06.csv.gz present
Filename productos_2017-10-06.csv.gz: MD5 verified.
Filename productos_2017-12-01.csv.gz present
Filename productos_2017-12-01.csv.gz: MD5 verified.
Filename sucursales_2017-03-16.csv.gz present
Filename sucursales_2017-03-16.csv.gz: MD5 verified.
Filename productos_2017-03-03.csv.gz present
Filename productos_2017-03-03.csv.gz: MD5 verified.
Filename sucursales_2016-09-05.csv.gz present
Filename sucursales_2016-09-05.csv.gz: MD5 verified.
Filename precios_2016-08-21.csv.gz present
Filename precios_2016-08-21.csv.gz: MD5 verified.
Filename precios_2016-06-08.csv.gz present
Filename precios_2016-06-08.csv.gz: MD5 verified.
Filename productos_2018-02-22.csv.gz present
Filename productos_2018-02-22.csv.gz: MD5 verified.
Filename precios_2017-06-04.csv.gz present
Filename precios_2017-06-04.csv.gz: MD5 verified.
Filename sucursales_2016-12-30.csv.gz present
Filename sucursales_2016-12-30.csv.gz: MD5 verified.
Filename productos_2018-01-22.csv.gz present
Filename productos_2018-01-22.csv.gz: MD5 verified.
Filename sucursales_2017-08-29.csv.gz present
Filename sucursales_2017-08-29.csv.gz: MD5 verified.
Filename precios_2016-07-13.csv.gz present
Filename precios_2016-07-13.csv.gz: MD5 verified.
Filename precios_2016-06-25.csv.gz present
Filename precios_2016-06-25.csv.gz: MD5 verified.
Filename productos_2017-12-31.csv.gz present
Filename productos_2017-12-31.csv.gz: MD5 verified.
Filename precios_2017-03-13.csv.gz present
Filename precios_2017-03-13.csv.gz: MD5 verified.
Filename productos_2016-09-23.csv.gz present
Filename productos_2016-09-23.csv.gz: MD5 verified.
Filename precios_2016-12-21.csv.gz present
Filename precios_2016-12-21.csv.gz: MD5 verified.
Filename productos_2018-01-18.csv.gz present
Filename productos_2018-01-18.csv.gz: MD5 verified.
Filename precios_2017-01-08.csv.gz present
Filename precios_2017-01-08.csv.gz: MD5 verified.
Filename productos_2017-02-08.csv.gz present
Filename productos_2017-02-08.csv.gz: MD5 verified.
Filename sucursales_2017-10-10.csv.gz present
Filename sucursales_2017-10-10.csv.gz: MD5 verified.
Filename precios_2017-09-27.csv.gz present
Filename precios_2017-09-27.csv.gz: MD5 verified.
Filename sucursales_2017-03-15.csv.gz present
Filename sucursales_2017-03-15.csv.gz: MD5 verified.
Filename sucursales_2017-11-25.csv.gz present
Filename sucursales_2017-11-25.csv.gz: MD5 verified.
Filename precios_2016-10-16.csv.gz present
Filename precios_2016-10-16.csv.gz: MD5 verified.
Filename productos_2016-11-19.csv.gz present
Filename productos_2016-11-19.csv.gz: MD5 verified.
Filename productos_2017-12-09.csv.gz present
Filename productos_2017-12-09.csv.gz: MD5 verified.
Filename sucursales_2017-11-20.csv.gz present
Filename sucursales_2017-11-20.csv.gz: MD5 verified.
Filename sucursales_2017-09-27.csv.gz present
Filename sucursales_2017-09-27.csv.gz: MD5 verified.
Filename sucursales_2017-10-21.csv.gz present
Filename sucursales_2017-10-21.csv.gz: MD5 verified.
Filename precios_2018-01-19.csv.gz present
Filename precios_2018-01-19.csv.gz: MD5 verified.
Filename sucursales_2018-01-10.csv.gz present
Filename sucursales_2018-01-10.csv.gz: MD5 verified.
Filename productos_2017-10-09.csv.gz present
Filename productos_2017-10-09.csv.gz: MD5 verified.
Filename precios_2017-08-26.csv.gz present
Filename precios_2017-08-26.csv.gz: MD5 verified.
Filename sucursales_2017-02-04.csv.gz present
Filename sucursales_2017-02-04.csv.gz: MD5 verified.
Filename productos_2017-01-31.csv.gz present
Filename productos_2017-01-31.csv.gz: MD5 verified.
Filename precios_2017-04-30.csv.gz present
Filename precios_2017-04-30.csv.gz: MD5 verified.
Filename productos_2017-12-24.csv.gz present
Filename productos_2017-12-24.csv.gz: MD5 verified.
Filename precios_2016-09-22.csv.gz present
Filename precios_2016-09-22.csv.gz: MD5 verified.
Filename precios_2016-12-08.csv.gz present
Filename precios_2016-12-08.csv.gz: MD5 verified.
Filename sucursales_2018-02-24.csv.gz present
Filename sucursales_2018-02-24.csv.gz: MD5 verified.
Filename precios_2016-11-27.csv.gz present
Filename precios_2016-11-27.csv.gz: MD5 verified.
Filename sucursales_2017-06-25.csv.gz present
Filename sucursales_2017-06-25.csv.gz: MD5 verified.
Filename sucursales_2017-06-05.csv.gz present
Filename sucursales_2017-06-05.csv.gz: MD5 verified.
Filename sucursales_2017-09-23.csv.gz present
Filename sucursales_2017-09-23.csv.gz: MD5 verified.
Filename sucursales_2017-01-30.csv.gz present
Filename sucursales_2017-01-30.csv.gz: MD5 verified.
Filename productos_2017-03-07.csv.gz present
Filename productos_2017-03-07.csv.gz: MD5 verified.
Filename sucursales_2016-05-17.csv.gz present
Filename sucursales_2016-05-17.csv.gz: MD5 verified.
Filename sucursales_2016-07-07.csv.gz present
Filename sucursales_2016-07-07.csv.gz: MD5 verified.
Filename precios_2017-07-26.csv.gz present
Filename precios_2017-07-26.csv.gz: MD5 verified.
Filename sucursales_2016-10-07.csv.gz present
Filename sucursales_2016-10-07.csv.gz: MD5 verified.
Filename precios_2016-11-10.csv.gz present
Filename precios_2016-11-10.csv.gz: MD5 verified.
Filename precios_2016-11-23.csv.gz present
Filename precios_2016-11-23.csv.gz: MD5 verified.
Filename productos_2016-12-12.csv.gz present
Filename productos_2016-12-12.csv.gz: MD5 verified.
Filename productos_2017-01-30.csv.gz present
Filename productos_2017-01-30.csv.gz: MD5 verified.
Filename sucursales_2017-06-16.csv.gz present
Filename sucursales_2017-06-16.csv.gz: MD5 verified.
Filename sucursales_2017-06-04.csv.gz present
Filename sucursales_2017-06-04.csv.gz: MD5 verified.
Filename sucursales_2017-04-24.csv.gz present
Filename sucursales_2017-04-24.csv.gz: MD5 verified.
Filename precios_2018-01-12.csv.gz present
Filename precios_2018-01-12.csv.gz: MD5 verified.
Filename productos_2016-10-08.csv.gz present
Filename productos_2016-10-08.csv.gz: MD5 verified.
Filename sucursales_2017-08-16.csv.gz present
Filename sucursales_2017-08-16.csv.gz: MD5 verified.
Filename productos_2018-03-09.csv.gz present
Filename productos_2018-03-09.csv.gz: MD5 verified.
Filename productos_2017-07-04.csv.gz present
Filename productos_2017-07-04.csv.gz: MD5 verified.
Filename productos_2016-11-29.csv.gz present
Filename productos_2016-11-29.csv.gz: MD5 verified.
Filename precios_2017-04-08.csv.gz present
Filename precios_2017-04-08.csv.gz: MD5 verified.
Filename sucursales_2016-07-09.csv.gz present
Filename sucursales_2016-07-09.csv.gz: MD5 verified.
Filename productos_2016-09-12.csv.gz present
Filename productos_2016-09-12.csv.gz: MD5 verified.
Filename sucursales_2016-06-18.csv.gz present
Filename sucursales_2016-06-18.csv.gz: MD5 verified.
Filename sucursales_2017-05-21.csv.gz present
Filename sucursales_2017-05-21.csv.gz: MD5 verified.
Filename productos_2018-03-04.csv.gz present
Filename productos_2018-03-04.csv.gz: MD5 verified.
Filename precios_2016-07-03.csv.gz present
Filename precios_2016-07-03.csv.gz: MD5 verified.
Filename precios_2017-01-26.csv.gz present
Filename precios_2017-01-26.csv.gz: MD5 verified.
Filename sucursales_2017-03-23.csv.gz present
Filename sucursales_2017-03-23.csv.gz: MD5 verified.
Filename precios_2017-03-09.csv.gz present
Filename precios_2017-03-09.csv.gz: MD5 verified.
Filename productos_2017-09-28.csv.gz present
Filename productos_2017-09-28.csv.gz: MD5 verified.
Filename sucursales_2016-10-02.csv.gz present
Filename sucursales_2016-10-02.csv.gz: MD5 verified.
Filename productos_2016-11-24.csv.gz present
Filename productos_2016-11-24.csv.gz: MD5 verified.
Filename sucursales_2016-08-10.csv.gz present
Filename sucursales_2016-08-10.csv.gz: MD5 verified.
Filename precios_2017-06-10.csv.gz present
Filename precios_2017-06-10.csv.gz: MD5 verified.
Filename precios_2017-06-14.csv.gz present
Filename precios_2017-06-14.csv.gz: MD5 verified.
Filename sucursales_2016-09-10.csv.gz present
Filename sucursales_2016-09-10.csv.gz: MD5 verified.
Filename sucursales_2017-09-28.csv.gz present
Filename sucursales_2017-09-28.csv.gz: MD5 verified.
Filename precios_2016-11-30.csv.gz present
Filename precios_2016-11-30.csv.gz: MD5 verified.
Filename sucursales_2016-11-08.csv.gz present
Filename sucursales_2016-11-08.csv.gz: MD5 verified.
Filename productos_2017-04-04.csv.gz present
Filename productos_2017-04-04.csv.gz: MD5 verified.
Filename precios_2016-07-24.csv.gz present
Filename precios_2016-07-24.csv.gz: MD5 verified.
Filename sucursales_2017-05-23.csv.gz present
Filename sucursales_2017-05-23.csv.gz: MD5 verified.
Filename productos_2016-05-20.csv.gz present
Filename productos_2016-05-20.csv.gz: MD5 verified.
Filename precios_2017-10-29.csv.gz present
Filename precios_2017-10-29.csv.gz: MD5 verified.
Filename productos_2017-06-22.csv.gz present
Filename productos_2017-06-22.csv.gz: MD5 verified.
Filename sucursales_2016-12-24.csv.gz present
Filename sucursales_2016-12-24.csv.gz: MD5 verified.
Filename productos_2017-11-26.csv.gz present
Filename productos_2017-11-26.csv.gz: MD5 verified.
Filename productos_2016-06-11.csv.gz present
Filename productos_2016-06-11.csv.gz: MD5 verified.
Filename productos_2017-01-07.csv.gz present
Filename productos_2017-01-07.csv.gz: MD5 verified.
Filename productos_2017-01-04.csv.gz present
Filename productos_2017-01-04.csv.gz: MD5 verified.
Filename productos_2016-09-09.csv.gz present
Filename productos_2016-09-09.csv.gz: MD5 verified.
Filename sucursales_2016-06-15.csv.gz present
Filename sucursales_2016-06-15.csv.gz: MD5 verified.
Filename sucursales_2017-05-12.csv.gz present
Filename sucursales_2017-05-12.csv.gz: MD5 verified.
Filename productos_2016-10-26.csv.gz present
Filename productos_2016-10-26.csv.gz: MD5 verified.
Filename productos_2018-01-21.csv.gz present
Filename productos_2018-01-21.csv.gz: MD5 verified.
Filename productos_2017-07-11.csv.gz present
Filename productos_2017-07-11.csv.gz: MD5 verified.
Filename precios_2017-02-17.csv.gz present
Filename precios_2017-02-17.csv.gz: MD5 verified.
Filename productos_2018-02-24.csv.gz present
Filename productos_2018-02-24.csv.gz: MD5 verified.
Filename precios_2017-02-27.csv.gz present
Filename precios_2017-02-27.csv.gz: MD5 verified.
Filename precios_2016-09-17.csv.gz present
Filename precios_2016-09-17.csv.gz: MD5 verified.
Filename sucursales_2018-01-06.csv.gz present
Filename sucursales_2018-01-06.csv.gz: MD5 verified.
Filename productos_2017-11-05.csv.gz present
Filename productos_2017-11-05.csv.gz: MD5 verified.
Filename sucursales_2017-03-17.csv.gz present
Filename sucursales_2017-03-17.csv.gz: MD5 verified.
Filename sucursales_2016-10-25.csv.gz present
Filename sucursales_2016-10-25.csv.gz: MD5 verified.
Filename precios_2017-04-07.csv.gz present
Filename precios_2017-04-07.csv.gz: MD5 verified.
Filename precios_2017-05-14.csv.gz present
Filename precios_2017-05-14.csv.gz: MD5 verified.
Filename sucursales_2017-04-04.csv.gz present
Filename sucursales_2017-04-04.csv.gz: MD5 verified.
Filename productos_2017-09-10.csv.gz present
Filename productos_2017-09-10.csv.gz: MD5 verified.
Filename productos_2017-06-08.csv.gz present
Filename productos_2017-06-08.csv.gz: MD5 verified.
Filename sucursales_2016-09-15.csv.gz present
Filename sucursales_2016-09-15.csv.gz: MD5 verified.
Filename productos_2017-03-12.csv.gz present
Filename productos_2017-03-12.csv.gz: MD5 verified.
Filename sucursales_2017-09-11.csv.gz present
Filename sucursales_2017-09-11.csv.gz: MD5 verified.
Filename precios_2017-02-18.csv.gz present
Filename precios_2017-02-18.csv.gz: MD5 verified.
Filename sucursales_2017-07-15.csv.gz present
Filename sucursales_2017-07-15.csv.gz: MD5 verified.
Filename precios_2018-01-21.csv.gz present
Filename precios_2018-01-21.csv.gz: MD5 verified.
Filename sucursales_2018-02-05.csv.gz present
Filename sucursales_2018-02-05.csv.gz: MD5 verified.
Filename productos_2017-07-30.csv.gz present
Filename productos_2017-07-30.csv.gz: MD5 verified.
Filename sucursales_2017-12-24.csv.gz present
Filename sucursales_2017-12-24.csv.gz: MD5 verified.
Filename precios_2017-05-13.csv.gz present
Filename precios_2017-05-13.csv.gz: MD5 verified.
Filename precios_2017-01-28.csv.gz present
Filename precios_2017-01-28.csv.gz: MD5 verified.
Filename precios_2016-06-24.csv.gz present
Filename precios_2016-06-24.csv.gz: MD5 verified.
Filename precios_2016-09-18.csv.gz present
Filename precios_2016-09-18.csv.gz: MD5 verified.
Filename sucursales_2016-09-04.csv.gz present
Filename sucursales_2016-09-04.csv.gz: MD5 verified.
Filename sucursales_2017-09-24.csv.gz present
Filename sucursales_2017-09-24.csv.gz: MD5 verified.
Filename precios_2016-05-20.csv.gz present
Filename precios_2016-05-20.csv.gz: MD5 verified.
Filename sucursales_2017-04-08.csv.gz present
Filename sucursales_2017-04-08.csv.gz: MD5 verified.
Filename productos_2016-06-09.csv.gz present
Filename productos_2016-06-09.csv.gz: MD5 verified.
Filename productos_2018-01-02.csv.gz present
Filename productos_2018-01-02.csv.gz: MD5 verified.
Filename productos_2017-10-15.csv.gz present
Filename productos_2017-10-15.csv.gz: MD5 verified.
Filename precios_2016-10-12.csv.gz present
Filename precios_2016-10-12.csv.gz: MD5 verified.
Filename precios_2017-05-10.csv.gz present
Filename precios_2017-05-10.csv.gz: MD5 verified.
Filename precios_2016-06-22.csv.gz present
Filename precios_2016-06-22.csv.gz: MD5 verified.
Filename productos_2018-01-24.csv.gz present
Filename productos_2018-01-24.csv.gz: MD5 verified.
Filename precios_2017-03-02.csv.gz present
Filename precios_2017-03-02.csv.gz: MD5 verified.
Filename sucursales_2017-08-09.csv.gz present
Filename sucursales_2017-08-09.csv.gz: MD5 verified.
Filename productos_2017-04-10.csv.gz present
Filename productos_2017-04-10.csv.gz: MD5 verified.
Filename productos_2017-07-07.csv.gz present
Filename productos_2017-07-07.csv.gz: MD5 verified.
Filename precios_2016-12-31.csv.gz present
Filename precios_2016-12-31.csv.gz: MD5 verified.
Filename productos_2017-07-20.csv.gz present
Filename productos_2017-07-20.csv.gz: MD5 verified.
Filename productos_2016-05-09.csv.gz present
Filename productos_2016-05-09.csv.gz: MD5 verified.
Filename precios_2016-08-01.csv.gz present
Filename precios_2016-08-01.csv.gz: MD5 verified.
Filename productos_2016-08-25.csv.gz present
Filename productos_2016-08-25.csv.gz: MD5 verified.
Filename productos_2017-10-02.csv.gz present
Filename productos_2017-10-02.csv.gz: MD5 verified.
Filename precios_2016-11-07.csv.gz present
Filename precios_2016-11-07.csv.gz: MD5 verified.
Filename sucursales_2017-02-01.csv.gz present
Filename sucursales_2017-02-01.csv.gz: MD5 verified.
Filename productos_2017-12-21.csv.gz present
Filename productos_2017-12-21.csv.gz: MD5 verified.
Filename sucursales_2017-12-23.csv.gz present
Filename sucursales_2017-12-23.csv.gz: MD5 verified.
Filename productos_2016-11-30.csv.gz present
Filename productos_2016-11-30.csv.gz: MD5 verified.
Filename productos_2017-08-15.csv.gz present
Filename productos_2017-08-15.csv.gz: MD5 verified.
Filename precios_2016-09-27.csv.gz present
Filename precios_2016-09-27.csv.gz: MD5 verified.
Filename precios_2017-05-23.csv.gz present
Filename precios_2017-05-23.csv.gz: MD5 verified.
Filename productos_2017-04-21.csv.gz present
Filename productos_2017-04-21.csv.gz: MD5 verified.
Filename precios_2016-06-10.csv.gz present
Filename precios_2016-06-10.csv.gz: MD5 verified.
Filename productos_2016-07-29.csv.gz present
Filename productos_2016-07-29.csv.gz: MD5 verified.
Filename productos_2016-07-18.csv.gz present
Filename productos_2016-07-18.csv.gz: MD5 verified.
Filename productos_2017-08-11.csv.gz present
Filename productos_2017-08-11.csv.gz: MD5 verified.
Filename sucursales_2017-12-15.csv.gz present
Filename sucursales_2017-12-15.csv.gz: MD5 verified.
Filename sucursales_2016-07-25.csv.gz present
Filename sucursales_2016-07-25.csv.gz: MD5 verified.
Filename sucursales_2016-09-17.csv.gz present
Filename sucursales_2016-09-17.csv.gz: MD5 verified.
Filename sucursales_2018-03-01.csv.gz present
Filename sucursales_2018-03-01.csv.gz: MD5 verified.
Filename productos_2018-01-25.csv.gz present
Filename productos_2018-01-25.csv.gz: MD5 verified.
Filename productos_2016-08-20.csv.gz present
Filename productos_2016-08-20.csv.gz: MD5 verified.
Filename precios_2017-04-05.csv.gz present
Filename precios_2017-04-05.csv.gz: MD5 verified.
Filename productos_2017-12-08.csv.gz present
Filename productos_2017-12-08.csv.gz: MD5 verified.
Filename sucursales_2016-08-12.csv.gz present
Filename sucursales_2016-08-12.csv.gz: MD5 verified.
Filename sucursales_2018-02-02.csv.gz present
Filename sucursales_2018-02-02.csv.gz: MD5 verified.
Filename productos_2017-02-16.csv.gz present
Filename productos_2017-02-16.csv.gz: MD5 verified.
Filename sucursales_2017-08-02.csv.gz present
Filename sucursales_2017-08-02.csv.gz: MD5 verified.
Filename sucursales_2017-02-25.csv.gz present
Filename sucursales_2017-02-25.csv.gz: MD5 verified.
Filename productos_2016-07-22.csv.gz present
Filename productos_2016-07-22.csv.gz: MD5 verified.
Filename sucursales_2017-06-03.csv.gz present
Filename sucursales_2017-06-03.csv.gz: MD5 verified.
Filename productos_2016-10-09.csv.gz present
Filename productos_2016-10-09.csv.gz: MD5 verified.
Filename productos_2017-07-06.csv.gz present
Filename productos_2017-07-06.csv.gz: MD5 verified.
Filename sucursales_2017-09-02.csv.gz present
Filename sucursales_2017-09-02.csv.gz: MD5 verified.
Filename productos_2016-11-14.csv.gz present
Filename productos_2016-11-14.csv.gz: MD5 verified.
Filename precios_2018-01-18.csv.gz present
Filename precios_2018-01-18.csv.gz: MD5 verified.
Filename productos_2016-09-19.csv.gz present
Filename productos_2016-09-19.csv.gz: MD5 verified.
Filename sucursales_2017-12-01.csv.gz present
Filename sucursales_2017-12-01.csv.gz: MD5 verified.
Filename sucursales_2016-07-28.csv.gz present
Filename sucursales_2016-07-28.csv.gz: MD5 verified.
Filename precios_2017-01-29.csv.gz present
Filename precios_2017-01-29.csv.gz: MD5 verified.
Filename sucursales_2017-02-23.csv.gz present
Filename sucursales_2017-02-23.csv.gz: MD5 verified.
Filename precios_2017-03-15.csv.gz present
Filename precios_2017-03-15.csv.gz: MD5 verified.
Filename sucursales_2017-04-11.csv.gz present
Filename sucursales_2017-04-11.csv.gz: MD5 verified.
Filename sucursales_2016-11-22.csv.gz present
Filename sucursales_2016-11-22.csv.gz: MD5 verified.
Filename sucursales_2017-12-27.csv.gz present
Filename sucursales_2017-12-27.csv.gz: MD5 verified.
Filename sucursales_2016-10-23.csv.gz present
Filename sucursales_2016-10-23.csv.gz: MD5 verified.
Filename precios_2018-01-23.csv.gz present
Filename precios_2018-01-23.csv.gz: MD5 verified.
Filename productos_2017-03-29.csv.gz present
Filename productos_2017-03-29.csv.gz: MD5 verified.
Filename sucursales_2016-11-01.csv.gz present
Filename sucursales_2016-11-01.csv.gz: MD5 verified.
Filename productos_2017-02-13.csv.gz present
Filename productos_2017-02-13.csv.gz: MD5 verified.
Filename precios_2016-05-12.csv.gz present
Filename precios_2016-05-12.csv.gz: MD5 verified.
Filename sucursales_2017-05-19.csv.gz present
Filename sucursales_2017-05-19.csv.gz: MD5 verified.
Filename sucursales_2017-11-29.csv.gz present
Filename sucursales_2017-11-29.csv.gz: MD5 verified.
Filename sucursales_2017-05-18.csv.gz present
Filename sucursales_2017-05-18.csv.gz: MD5 verified.
Filename productos_2016-12-03.csv.gz present
Filename productos_2016-12-03.csv.gz: MD5 verified.
Filename precios_2017-01-13.csv.gz present
Filename precios_2017-01-13.csv.gz: MD5 verified.
Filename precios_2017-02-26.csv.gz present
Filename precios_2017-02-26.csv.gz: MD5 verified.
Filename precios_2017-08-31.csv.gz present
Filename precios_2017-08-31.csv.gz: MD5 verified.
Filename productos_2017-06-17.csv.gz present
Filename productos_2017-06-17.csv.gz: MD5 verified.
Filename productos_2016-10-11.csv.gz present
Filename productos_2016-10-11.csv.gz: MD5 verified.
Filename sucursales_2016-08-05.csv.gz present
Filename sucursales_2016-08-05.csv.gz: MD5 verified.
Filename precios_2016-09-16.csv.gz present
Filename precios_2016-09-16.csv.gz: MD5 verified.
Filename sucursales_2016-08-16.csv.gz present
Filename sucursales_2016-08-16.csv.gz: MD5 verified.
Filename sucursales_2017-06-28.csv.gz present
Filename sucursales_2017-06-28.csv.gz: MD5 verified.
Filename productos_2016-05-30.csv.gz present
Filename productos_2016-05-30.csv.gz: MD5 verified.
Filename productos_2016-10-17.csv.gz present
Filename productos_2016-10-17.csv.gz: MD5 verified.
Filename sucursales_2017-04-21.csv.gz present
Filename sucursales_2017-04-21.csv.gz: MD5 verified.
Filename sucursales_2017-11-09.csv.gz present
Filename sucursales_2017-11-09.csv.gz: MD5 verified.
Filename productos_2017-07-05.csv.gz present
Filename productos_2017-07-05.csv.gz: MD5 verified.
Filename sucursales_2017-11-26.csv.gz present
Filename sucursales_2017-11-26.csv.gz: MD5 verified.
Filename precios_2017-05-07.csv.gz present
Filename precios_2017-05-07.csv.gz: MD5 verified.
Filename productos_2017-12-06.csv.gz present
Filename productos_2017-12-06.csv.gz: MD5 verified.
Filename precios_2017-06-29.csv.gz present
Filename precios_2017-06-29.csv.gz: MD5 verified.
Filename productos_2018-03-03.csv.gz present
Filename productos_2018-03-03.csv.gz: MD5 verified.
Filename precios_2017-07-13.csv.gz present
Filename precios_2017-07-13.csv.gz: MD5 verified.
Filename precios_2016-09-21.csv.gz present
Filename precios_2016-09-21.csv.gz: MD5 verified.
Filename productos_2017-11-14.csv.gz present
Filename productos_2017-11-14.csv.gz: MD5 verified.
Filename precios_2016-07-23.csv.gz present
Filename precios_2016-07-23.csv.gz: MD5 verified.
Filename productos_2017-12-12.csv.gz present
Filename productos_2017-12-12.csv.gz: MD5 verified.
Filename precios_2018-01-26.csv.gz present
Filename precios_2018-01-26.csv.gz: MD5 verified.
Filename precios_2017-12-17.csv.gz present
Filename precios_2017-12-17.csv.gz: MD5 verified.
Filename productos_2017-09-17.csv.gz present
Filename productos_2017-09-17.csv.gz: MD5 verified.
Filename sucursales_2017-01-21.csv.gz present
Filename sucursales_2017-01-21.csv.gz: MD5 verified.
Filename productos_2016-12-09.csv.gz present
Filename productos_2016-12-09.csv.gz: MD5 verified.
Filename sucursales_2018-01-19.csv.gz present
Filename sucursales_2018-01-19.csv.gz: MD5 verified.
Filename sucursales_2016-11-17.csv.gz present
Filename sucursales_2016-11-17.csv.gz: MD5 verified.
Filename sucursales_2018-02-04.csv.gz present
Filename sucursales_2018-02-04.csv.gz: MD5 verified.
Filename precios_2017-09-17.csv.gz present
Filename precios_2017-09-17.csv.gz: MD5 verified.
Filename precios_2016-10-04.csv.gz present
Filename precios_2016-10-04.csv.gz: MD5 verified.
Filename precios_2017-05-17.csv.gz present
Filename precios_2017-05-17.csv.gz: MD5 verified.
Filename productos_2017-05-22.csv.gz present
Filename productos_2017-05-22.csv.gz: MD5 verified.
Filename precios_2016-11-21.csv.gz present
Filename precios_2016-11-21.csv.gz: MD5 verified.
Filename sucursales_2017-08-01.csv.gz present
Filename sucursales_2017-08-01.csv.gz: MD5 verified.
Filename sucursales_2017-06-10.csv.gz present
Filename sucursales_2017-06-10.csv.gz: MD5 verified.
Filename precios_2016-11-02.csv.gz present
Filename precios_2016-11-02.csv.gz: MD5 verified.
Filename productos_2017-11-10.csv.gz present
Filename productos_2017-11-10.csv.gz: MD5 verified.
Filename sucursales_2017-06-18.csv.gz present
Filename sucursales_2017-06-18.csv.gz: MD5 verified.
Filename sucursales_2018-02-26.csv.gz present
Filename sucursales_2018-02-26.csv.gz: MD5 verified.
Filename productos_2016-09-13.csv.gz present
Filename productos_2016-09-13.csv.gz: MD5 verified.
Filename sucursales_2016-08-30.csv.gz present
Filename sucursales_2016-08-30.csv.gz: MD5 verified.
Filename sucursales_2017-08-17.csv.gz present
Filename sucursales_2017-08-17.csv.gz: MD5 verified.
Filename precios_2017-09-18.csv.gz present
Filename precios_2017-09-18.csv.gz: MD5 verified.
Filename sucursales_2016-11-13.csv.gz present
Filename sucursales_2016-11-13.csv.gz: MD5 verified.
Filename sucursales_2017-06-08.csv.gz present
Filename sucursales_2017-06-08.csv.gz: MD5 verified.
Filename precios_2016-08-11.csv.gz present
Filename precios_2016-08-11.csv.gz: MD5 verified.
Filename productos_2016-10-07.csv.gz present
Filename productos_2016-10-07.csv.gz: MD5 verified.
Filename productos_2017-03-23.csv.gz present
Filename productos_2017-03-23.csv.gz: MD5 verified.
Filename sucursales_2017-12-18.csv.gz present
Filename sucursales_2017-12-18.csv.gz: MD5 verified.
Filename precios_2017-02-06.csv.gz present
Filename precios_2017-02-06.csv.gz: MD5 verified.
Filename precios_2017-01-05.csv.gz present
Filename precios_2017-01-05.csv.gz: MD5 verified.
Filename sucursales_2017-07-14.csv.gz present
Filename sucursales_2017-07-14.csv.gz: MD5 verified.
Filename sucursales_2017-03-28.csv.gz present
Filename sucursales_2017-03-28.csv.gz: MD5 verified.
Filename sucursales_2017-04-09.csv.gz present
Filename sucursales_2017-04-09.csv.gz: MD5 verified.
Filename precios_2016-09-06.csv.gz present
Filename precios_2016-09-06.csv.gz: MD5 verified.
Filename sucursales_2018-01-16.csv.gz present
Filename sucursales_2018-01-16.csv.gz: MD5 verified.
Filename precios_2017-10-28.csv.gz present
Filename precios_2017-10-28.csv.gz: MD5 verified.
Filename precios_2017-05-18.csv.gz present
Filename precios_2017-05-18.csv.gz: MD5 verified.
Filename sucursales_2016-07-30.csv.gz present
Filename sucursales_2016-07-30.csv.gz: MD5 verified.
Filename productos_2017-10-12.csv.gz present
Filename productos_2017-10-12.csv.gz: MD5 verified.
Filename sucursales_2017-03-30.csv.gz present
Filename sucursales_2017-03-30.csv.gz: MD5 verified.
Filename sucursales_2016-12-25.csv.gz present
Filename sucursales_2016-12-25.csv.gz: MD5 verified.
Filename productos_2016-12-14.csv.gz present
Filename productos_2016-12-14.csv.gz: MD5 verified.
Filename sucursales_2018-01-15.csv.gz present
Filename sucursales_2018-01-15.csv.gz: MD5 verified.
Filename productos_2017-01-02.csv.gz present
Filename productos_2017-01-02.csv.gz: MD5 verified.
Filename productos_2016-10-30.csv.gz present
Filename productos_2016-10-30.csv.gz: MD5 verified.
Filename precios_2018-03-04.csv.gz present
Filename precios_2018-03-04.csv.gz: MD5 verified.
Filename productos_2018-01-20.csv.gz present
Filename productos_2018-01-20.csv.gz: MD5 verified.
Filename precios_2016-06-09.csv.gz present
Filename precios_2016-06-09.csv.gz: MD5 verified.
Filename productos_2016-12-20.csv.gz present
Filename productos_2016-12-20.csv.gz: MD5 verified.
Filename precios_2017-02-07.csv.gz present
Filename precios_2017-02-07.csv.gz: MD5 verified.
Filename productos_2017-03-01.csv.gz present
Filename productos_2017-03-01.csv.gz: MD5 verified.
Filename productos_2016-05-17.csv.gz present
Filename productos_2016-05-17.csv.gz: MD5 verified.
Filename precios_2017-11-13.csv.gz present
Filename precios_2017-11-13.csv.gz: MD5 verified.
Filename productos_2016-07-23.csv.gz present
Filename productos_2016-07-23.csv.gz: MD5 verified.
Filename precios_2017-03-23.csv.gz present
Filename precios_2017-03-23.csv.gz: MD5 verified.
Filename precios_2017-04-20.csv.gz present
Filename precios_2017-04-20.csv.gz: MD5 verified.
Filename productos_2018-01-14.csv.gz present
Filename productos_2018-01-14.csv.gz: MD5 verified.
Filename precios_2017-09-06.csv.gz present
Filename precios_2017-09-06.csv.gz: MD5 verified.
Filename productos_2016-08-14.csv.gz present
Filename productos_2016-08-14.csv.gz: MD5 verified.
Filename productos_2016-05-18.csv.gz present
Filename productos_2016-05-18.csv.gz: MD5 verified.
Filename sucursales_2017-08-24.csv.gz present
Filename sucursales_2017-08-24.csv.gz: MD5 verified.
Filename productos_2017-05-16.csv.gz present
Filename productos_2017-05-16.csv.gz: MD5 verified.
Filename sucursales_2016-09-30.csv.gz present
Filename sucursales_2016-09-30.csv.gz: MD5 verified.
Filename productos_2017-12-28.csv.gz present
Filename productos_2017-12-28.csv.gz: MD5 verified.
Filename precios_2017-04-12.csv.gz present
Filename precios_2017-04-12.csv.gz: MD5 verified.
Filename precios_2017-02-20.csv.gz present
Filename precios_2017-02-20.csv.gz: MD5 verified.
Filename precios_2017-07-22.csv.gz present
Filename precios_2017-07-22.csv.gz: MD5 verified.
Filename sucursales_2017-03-01.csv.gz present
Filename sucursales_2017-03-01.csv.gz: MD5 verified.
Filename sucursales_2017-02-12.csv.gz present
Filename sucursales_2017-02-12.csv.gz: MD5 verified.
Filename precios_2017-10-12.csv.gz present
Filename precios_2017-10-12.csv.gz: MD5 verified.
Filename productos_2017-07-22.csv.gz present
Filename productos_2017-07-22.csv.gz: MD5 verified.
Filename productos_2017-10-07.csv.gz present
Filename productos_2017-10-07.csv.gz: MD5 verified.
Filename sucursales_2017-05-28.csv.gz present
Filename sucursales_2017-05-28.csv.gz: MD5 verified.
Filename productos_2017-08-08.csv.gz present
Filename productos_2017-08-08.csv.gz: MD5 verified.
Filename precios_2017-05-16.csv.gz present
Filename precios_2017-05-16.csv.gz: MD5 verified.
Filename precios_2017-05-24.csv.gz present
Filename precios_2017-05-24.csv.gz: MD5 verified.
Filename precios_2017-01-25.csv.gz present
Filename precios_2017-01-25.csv.gz: MD5 verified.
Filename sucursales_2017-01-03.csv.gz present
Filename sucursales_2017-01-03.csv.gz: MD5 verified.
Filename productos_2017-04-18.csv.gz present
Filename productos_2017-04-18.csv.gz: MD5 verified.
Filename sucursales_2016-12-16.csv.gz present
Filename sucursales_2016-12-16.csv.gz: MD5 verified.
Filename precios_2018-03-01.csv.gz present
Filename precios_2018-03-01.csv.gz: MD5 verified.
Filename productos_2016-06-06.csv.gz present
Filename productos_2016-06-06.csv.gz: MD5 verified.
Filename sucursales_2016-11-03.csv.gz present
Filename sucursales_2016-11-03.csv.gz: MD5 verified.
Filename sucursales_2016-11-24.csv.gz present
Filename sucursales_2016-11-24.csv.gz: MD5 verified.
Filename sucursales_2016-09-02.csv.gz present
Filename sucursales_2016-09-02.csv.gz: MD5 verified.
Filename sucursales_2016-08-31.csv.gz present
Filename sucursales_2016-08-31.csv.gz: MD5 verified.
Filename precios_2017-02-16.csv.gz present
Filename precios_2017-02-16.csv.gz: MD5 verified.
Filename productos_2017-03-31.csv.gz present
Filename productos_2017-03-31.csv.gz: MD5 verified.
Filename sucursales_2016-11-02.csv.gz present
Filename sucursales_2016-11-02.csv.gz: MD5 verified.
Filename precios_2016-08-16.csv.gz present
Filename precios_2016-08-16.csv.gz: MD5 verified.
Filename precios_2016-11-28.csv.gz present
Filename precios_2016-11-28.csv.gz: MD5 verified.
Filename productos_2016-12-06.csv.gz present
Filename productos_2016-12-06.csv.gz: MD5 verified.
Filename precios_2017-03-01.csv.gz present
Filename precios_2017-03-01.csv.gz: MD5 verified.
Filename productos_2016-10-01.csv.gz present
Filename productos_2016-10-01.csv.gz: MD5 verified.
Filename productos_2016-09-20.csv.gz present
Filename productos_2016-09-20.csv.gz: MD5 verified.
Filename sucursales_2016-12-03.csv.gz present
Filename sucursales_2016-12-03.csv.gz: MD5 verified.
Filename productos_2017-06-23.csv.gz present
Filename productos_2017-06-23.csv.gz: MD5 verified.
Filename productos_2018-02-15.csv.gz present
Filename productos_2018-02-15.csv.gz: MD5 verified.
Filename productos_2016-11-12.csv.gz present
Filename productos_2016-11-12.csv.gz: MD5 verified.
Filename precios_2017-10-21.csv.gz present
Filename precios_2017-10-21.csv.gz: MD5 verified.
Filename productos_2016-12-11.csv.gz present
Filename productos_2016-12-11.csv.gz: MD5 verified.
Filename precios_2017-09-02.csv.gz present
Filename precios_2017-09-02.csv.gz: MD5 verified.
Filename productos_2017-04-11.csv.gz present
Filename productos_2017-04-11.csv.gz: MD5 verified.
Filename productos_2017-12-13.csv.gz present
Filename productos_2017-12-13.csv.gz: MD5 verified.
Filename productos_2017-10-25.csv.gz present
Filename productos_2017-10-25.csv.gz: MD5 verified.
Filename productos_2017-12-25.csv.gz present
Filename productos_2017-12-25.csv.gz: MD5 verified.
Filename productos_2017-02-27.csv.gz present
Filename productos_2017-02-27.csv.gz: MD5 verified.
Filename precios_2017-10-07.csv.gz present
Filename precios_2017-10-07.csv.gz: MD5 verified.
Filename sucursales_2016-11-19.csv.gz present
Filename sucursales_2016-11-19.csv.gz: MD5 verified.
Filename productos_2016-09-24.csv.gz present
Filename productos_2016-09-24.csv.gz: MD5 verified.
Filename precios_2016-05-14.csv.gz present
Filename precios_2016-05-14.csv.gz: MD5 verified.
Filename sucursales_2017-04-18.csv.gz present
Filename sucursales_2017-04-18.csv.gz: MD5 verified.
Filename precios_2017-03-12.csv.gz present
Filename precios_2017-03-12.csv.gz: MD5 verified.
Filename precios_2016-06-29.csv.gz present
Filename precios_2016-06-29.csv.gz: MD5 verified.
Filename sucursales_2017-05-31.csv.gz present
Filename sucursales_2017-05-31.csv.gz: MD5 verified.
Filename sucursales_2018-02-25.csv.gz present
Filename sucursales_2018-02-25.csv.gz: MD5 verified.
Filename productos_2017-02-26.csv.gz present
Filename productos_2017-02-26.csv.gz: MD5 verified.
Filename productos_2018-02-10.csv.gz present
Filename productos_2018-02-10.csv.gz: MD5 verified.
Filename precios_2017-07-07.csv.gz present
Filename precios_2017-07-07.csv.gz: MD5 verified.
Filename sucursales_2017-11-12.csv.gz present
Filename sucursales_2017-11-12.csv.gz: MD5 verified.
Filename sucursales_2017-11-21.csv.gz present
Filename sucursales_2017-11-21.csv.gz: MD5 verified.
Filename productos_2017-06-25.csv.gz present
Filename productos_2017-06-25.csv.gz: MD5 verified.
Filename precios_2017-05-22.csv.gz present
Filename precios_2017-05-22.csv.gz: MD5 verified.
Filename sucursales_2018-03-11.csv.gz present
Filename sucursales_2018-03-11.csv.gz: MD5 verified.
Filename precios_2017-11-09.csv.gz present
Filename precios_2017-11-09.csv.gz: MD5 verified.
Filename productos_2016-05-11.csv.gz present
Filename productos_2016-05-11.csv.gz: MD5 verified.
Filename sucursales_2016-07-19.csv.gz present
Filename sucursales_2016-07-19.csv.gz: MD5 verified.
Filename sucursales_2018-01-30.csv.gz present
Filename sucursales_2018-01-30.csv.gz: MD5 verified.
Filename precios_2016-06-14.csv.gz present
Filename precios_2016-06-14.csv.gz: MD5 verified.
(.env) [lv39@cbsulogin Upload-to-Zenodo]$ ls
LICENSE  README.md  requirements.txt  run_script.py  verify_script.py
(.env) [lv39@cbsulogin Upload-to-Zenodo]$ python3 verify_script.py ../dropbox "*.csv.gz" $APIKEY 6568295 ^C
(.env) [lv39@cbsulogin Upload-to-Zenodo]$ vi verify_script.py
(.env) [lv39@cbsulogin Upload-to-Zenodo]$
